This is pdfTeX, Version 3.14159265-2.6-1.40.20 (MiKTeX 2.9.7050 64-bit) (preloaded format=pdflatex 2019.6.2)  21 APR 2020 12:49
entering extended mode
**./README.tex
(README.tex
LaTeX2e <2018-12-01>

("C:\Users\Jason D. Bakos\AppData\Local\Programs\MiKTeX 2.9\tex/latex/base\arti
cle.cls"
Document Class: article 2018/09/03 v1.4i Standard LaTeX document class

("C:\Users\Jason D. Bakos\AppData\Local\Programs\MiKTeX 2.9\tex/latex/base\size
10.clo"
File: size10.clo 2018/09/03 v1.4i Standard LaTeX file (size option)
)
\c@part=\count80
\c@section=\count81
\c@subsection=\count82
\c@subsubsection=\count83
\c@paragraph=\count84
\c@subparagraph=\count85
\c@figure=\count86
\c@table=\count87
\abovecaptionskip=\skip41
\belowcaptionskip=\skip42
\bibindent=\dimen102
) (../../common/labconfig.sty) (../../common/labstyle.sty
("C:\Users\Jason D. Bakos\AppData\Local\Programs\MiKTeX 2.9\tex/latex/geometry\
geometry.sty"
Package: geometry 2018/04/16 v5.8 Page Geometry

("C:\Users\Jason D. Bakos\AppData\Local\Programs\MiKTeX 2.9\tex/latex/graphics\
keyval.sty"
Package: keyval 2014/10/28 v1.15 key=value parser (DPC)
\KV@toks@=\toks14
)
("C:\Users\Jason D. Bakos\AppData\Local\Programs\MiKTeX 2.9\tex/generic/oberdie
k\ifpdf.sty"
Package: ifpdf 2018/09/07 v3.3 Provides the ifpdf switch
)
("C:\Users\Jason D. Bakos\AppData\Local\Programs\MiKTeX 2.9\tex/generic/oberdie
k\ifvtex.sty"
Package: ifvtex 2016/05/16 v1.6 Detect VTeX and its facilities (HO)
Package ifvtex Info: VTeX not detected.
)
("C:\Users\Jason D. Bakos\AppData\Local\Programs\MiKTeX 2.9\tex/generic/ifxetex
\ifxetex.sty"
Package: ifxetex 2010/09/12 v0.6 Provides ifxetex conditional
)
\Gm@cnth=\count88
\Gm@cntv=\count89
\c@Gm@tempcnt=\count90
\Gm@bindingoffset=\dimen103
\Gm@wd@mp=\dimen104
\Gm@odd@mp=\dimen105
\Gm@even@mp=\dimen106
\Gm@layoutwidth=\dimen107
\Gm@layoutheight=\dimen108
\Gm@layouthoffset=\dimen109
\Gm@layoutvoffset=\dimen110
\Gm@dimlist=\toks15

("C:\Users\Jason D. Bakos\AppData\Local\Programs\MiKTeX 2.9\tex/latex/geometry\
geometry.cfg"))
("C:\Users\Jason D. Bakos\AppData\Local\Programs\MiKTeX 2.9\tex/latex/hyperref\
hyperref.sty"
Package: hyperref 2018/11/30 v6.88e Hypertext links for LaTeX

("C:\Users\Jason D. Bakos\AppData\Local\Programs\MiKTeX 2.9\tex/generic/oberdie
k\hobsub-hyperref.sty"
Package: hobsub-hyperref 2016/05/16 v1.14 Bundle oberdiek, subset hyperref (HO)


("C:\Users\Jason D. Bakos\AppData\Local\Programs\MiKTeX 2.9\tex/generic/oberdie
k\hobsub-generic.sty"
Package: hobsub-generic 2016/05/16 v1.14 Bundle oberdiek, subset generic (HO)
Package: hobsub 2016/05/16 v1.14 Construct package bundles (HO)
Package: infwarerr 2016/05/16 v1.4 Providing info/warning/error messages (HO)
Package: ltxcmds 2016/05/16 v1.23 LaTeX kernel commands for general use (HO)
Package: ifluatex 2016/05/16 v1.4 Provides the ifluatex switch (HO)
Package ifluatex Info: LuaTeX not detected.
Package hobsub Info: Skipping package `ifvtex' (already loaded).
Package: intcalc 2016/05/16 v1.2 Expandable calculations with integers (HO)
Package hobsub Info: Skipping package `ifpdf' (already loaded).
Package: etexcmds 2016/05/16 v1.6 Avoid name clashes with e-TeX commands (HO)
Package: kvsetkeys 2016/05/16 v1.17 Key value parser (HO)
Package: kvdefinekeys 2016/05/16 v1.4 Define keys (HO)
Package: pdftexcmds 2018/09/10 v0.29 Utility functions of pdfTeX for LuaTeX (HO
)
Package pdftexcmds Info: LuaTeX not detected.
Package pdftexcmds Info: \pdf@primitive is available.
Package pdftexcmds Info: \pdf@ifprimitive is available.
Package pdftexcmds Info: \pdfdraftmode found.
Package: pdfescape 2016/05/16 v1.14 Implements pdfTeX's escape features (HO)
Package: bigintcalc 2016/05/16 v1.4 Expandable calculations on big integers (HO
)
Package: bitset 2016/05/16 v1.2 Handle bit-vector datatype (HO)
Package: uniquecounter 2016/05/16 v1.3 Provide unlimited unique counter (HO)
)
Package hobsub Info: Skipping package `hobsub' (already loaded).
Package: letltxmacro 2016/05/16 v1.5 Let assignment for LaTeX macros (HO)
Package: hopatch 2016/05/16 v1.3 Wrapper for package hooks (HO)
Package: xcolor-patch 2016/05/16 xcolor patch
Package: atveryend 2016/05/16 v1.9 Hooks at the very end of document (HO)
Package atveryend Info: \enddocument detected (standard20110627).
Package: atbegshi 2016/06/09 v1.18 At begin shipout hook (HO)
Package: refcount 2016/05/16 v3.5 Data extraction from label references (HO)
Package: hycolor 2016/05/16 v1.8 Color options for hyperref/bookmark (HO)
)
("C:\Users\Jason D. Bakos\AppData\Local\Programs\MiKTeX 2.9\tex/latex/oberdiek\
auxhook.sty"
Package: auxhook 2016/05/16 v1.4 Hooks for auxiliary files (HO)
)
("C:\Users\Jason D. Bakos\AppData\Local\Programs\MiKTeX 2.9\tex/latex/oberdiek\
kvoptions.sty"
Package: kvoptions 2016/05/16 v3.12 Key value format for package options (HO)
)
\@linkdim=\dimen111
\Hy@linkcounter=\count91
\Hy@pagecounter=\count92

("C:\Users\Jason D. Bakos\AppData\Local\Programs\MiKTeX 2.9\tex/latex/hyperref\
pd1enc.def"
File: pd1enc.def 2018/11/30 v6.88e Hyperref: PDFDocEncoding definition (HO)
Now handling font encoding PD1 ...
... no UTF-8 mapping file for font encoding PD1
)
\Hy@SavedSpaceFactor=\count93

("C:\Users\Jason D. Bakos\AppData\Local\Programs\MiKTeX 2.9\tex/latex/00miktex\
hyperref.cfg"
File: hyperref.cfg 2002/06/06 v1.2 hyperref configuration of TeXLive
)
Package hyperref Info: Hyper figures OFF on input line 4519.
Package hyperref Info: Link nesting OFF on input line 4524.
Package hyperref Info: Hyper index ON on input line 4527.
Package hyperref Info: Plain pages OFF on input line 4534.
Package hyperref Info: Backreferencing OFF on input line 4539.
Package hyperref Info: Implicit mode ON; LaTeX internals redefined.
Package hyperref Info: Bookmarks ON on input line 4772.
\c@Hy@tempcnt=\count94

("C:\Users\Jason D. Bakos\AppData\Local\Programs\MiKTeX 2.9\tex/latex/url\url.s
ty"
\Urlmuskip=\muskip10
Package: url 2013/09/16  ver 3.4  Verb mode for urls, etc.
)
LaTeX Info: Redefining \url on input line 5125.
\XeTeXLinkMargin=\dimen112
\Fld@menulength=\count95
\Field@Width=\dimen113
\Fld@charsize=\dimen114
Package hyperref Info: Hyper figures OFF on input line 6380.
Package hyperref Info: Link nesting OFF on input line 6385.
Package hyperref Info: Hyper index ON on input line 6388.
Package hyperref Info: backreferencing OFF on input line 6395.
Package hyperref Info: Link coloring OFF on input line 6400.
Package hyperref Info: Link coloring with OCG OFF on input line 6405.
Package hyperref Info: PDF/A mode OFF on input line 6410.
LaTeX Info: Redefining \ref on input line 6450.
LaTeX Info: Redefining \pageref on input line 6454.
\Hy@abspage=\count96
\c@Item=\count97
\c@Hfootnote=\count98
)
Package hyperref Info: Driver (autodetected): hpdftex.

("C:\Users\Jason D. Bakos\AppData\Local\Programs\MiKTeX 2.9\tex/latex/hyperref\
hpdftex.def"
File: hpdftex.def 2018/11/30 v6.88e Hyperref driver for pdfTeX
\Fld@listcount=\count99
\c@bookmark@seq@number=\count100

("C:\Users\Jason D. Bakos\AppData\Local\Programs\MiKTeX 2.9\tex/latex/oberdiek\
rerunfilecheck.sty"
Package: rerunfilecheck 2016/05/16 v1.8 Rerun checks for auxiliary files (HO)
Package uniquecounter Info: New unique counter `rerunfilecheck' on input line 2
82.
)
\Hy@SectionHShift=\skip43
)
("C:\Users\Jason D. Bakos\AppData\Local\Programs\MiKTeX 2.9\tex/latex/jknappen\
mathrsfs.sty"
Package: mathrsfs 1996/01/01 Math RSFS package v1.0 (jk)
\symrsfs=\mathgroup4
)
("C:\Users\Jason D. Bakos\AppData\Local\Programs\MiKTeX 2.9\tex/latex/base\inpu
tenc.sty"
Package: inputenc 2018/08/11 v1.3c Input encoding file
\inpenc@prehook=\toks16
\inpenc@posthook=\toks17
)
("C:\Users\Jason D. Bakos\AppData\Local\Programs\MiKTeX 2.9\tex/latex/oberdiek\
accsupp.sty"
Package: accsupp 2018/03/28 v0.5 Accessibility support by marked content (HO)

("C:\Users\Jason D. Bakos\AppData\Local\Programs\MiKTeX 2.9\tex/latex/oberdiek\
accsupp-pdftex.def"
File: accsupp-pdftex.def 2018/03/28 v0.5 accsupp driver for pdfTeX (HO)
))
("C:\Users\Jason D. Bakos\AppData\Local\Programs\MiKTeX 2.9\tex/latex/listings\
listings.sty"
\lst@mode=\count101
\lst@gtempboxa=\box27
\lst@token=\toks18
\lst@length=\count102
\lst@currlwidth=\dimen115
\lst@column=\count103
\lst@pos=\count104
\lst@lostspace=\dimen116
\lst@width=\dimen117
\lst@newlines=\count105
\lst@lineno=\count106
\lst@maxwidth=\dimen118

("C:\Users\Jason D. Bakos\AppData\Local\Programs\MiKTeX 2.9\tex/latex/listings\
lstmisc.sty"
File: lstmisc.sty 2019/09/10 1.8c (Carsten Heinz)
\c@lstnumber=\count107
\lst@skipnumbers=\count108
\lst@framebox=\box28
)
("C:\Users\Jason D. Bakos\AppData\Local\Programs\MiKTeX 2.9\tex/latex/listings\
listings.cfg"
File: listings.cfg 2019/09/10 1.8c listings configuration
))
Package: listings 2019/09/10 1.8c (Carsten Heinz)

("C:\Users\Jason D. Bakos\AppData\Local\Programs\MiKTeX 2.9\tex/latex/graphics\
color.sty"
Package: color 2016/07/10 v1.1e Standard LaTeX Color (DPC)

("C:\Users\Jason D. Bakos\AppData\Local\Programs\MiKTeX 2.9\tex/latex/graphics-
cfg\color.cfg"
File: color.cfg 2016/01/02 v1.6 sample color configuration
)
Package color Info: Driver file: pdftex.def on input line 147.

("C:\Users\Jason D. Bakos\AppData\Local\Programs\MiKTeX 2.9\tex/latex/graphics-
def\pdftex.def"
File: pdftex.def 2018/01/08 v1.0l Graphics/color driver for pdftex
))
("C:\Users\Jason D. Bakos\AppData\Local\Programs\MiKTeX 2.9\tex/latex/tools\mul
ticol.sty"
Package: multicol 2018/12/27 v1.8v multicolumn formatting (FMi)
\c@tracingmulticols=\count109
\mult@box=\box29
\multicol@leftmargin=\dimen119
\c@unbalance=\count110
\c@collectmore=\count111
\doublecol@number=\count112
\multicoltolerance=\count113
\multicolpretolerance=\count114
\full@width=\dimen120
\page@free=\dimen121
\premulticols=\dimen122
\postmulticols=\dimen123
\multicolsep=\skip44
\multicolbaselineskip=\skip45
\partial@page=\box30
\last@line=\box31
\maxbalancingoverflow=\dimen124
\mult@rightbox=\box32
\mult@grightbox=\box33
\mult@gfirstbox=\box34
\mult@firstbox=\box35
\@tempa=\box36
\@tempa=\box37
\@tempa=\box38
\@tempa=\box39
\@tempa=\box40
\@tempa=\box41
\@tempa=\box42
\@tempa=\box43
\@tempa=\box44
\@tempa=\box45
\@tempa=\box46
\@tempa=\box47
\@tempa=\box48
\@tempa=\box49
\@tempa=\box50
\@tempa=\box51
\@tempa=\box52
\c@columnbadness=\count115
\c@finalcolumnbadness=\count116
\last@try=\dimen125
\multicolovershoot=\dimen126
\multicolundershoot=\dimen127
\mult@nat@firstbox=\box53
\colbreak@box=\box54
\mc@col@check@num=\count117
)
("C:\Users\Jason D. Bakos\AppData\Local\Programs\MiKTeX 2.9\tex/latex/float\flo
at.sty"
Package: float 2001/11/08 v1.3d Float enhancements (AL)
\c@float@type=\count118
\float@exts=\toks19
\float@box=\box55
\@float@everytoks=\toks20
\@floatcapt=\box56
)
("C:\Users\Jason D. Bakos\AppData\Local\Programs\MiKTeX 2.9\tex/latex/caption\c
aption.sty"
Package: caption 2020/01/03 v3.4h Customizing captions (AR)

("C:\Users\Jason D. Bakos\AppData\Local\Programs\MiKTeX 2.9\tex/latex/caption\c
aption3.sty"
Package: caption3 2020/01/03 v1.8h caption3 kernel (AR)
Package caption3 Info: TeX engine: e-TeX on input line 61.
\captionmargin=\dimen128
\captionmargin@=\dimen129
\captionwidth=\dimen130
\caption@tempdima=\dimen131
\caption@indent=\dimen132
\caption@parindent=\dimen133
\caption@hangindent=\dimen134
Package caption Info: Standard document class detected.
)
\c@caption@flags=\count119
\c@continuedfloat=\count120
Package caption Info: float package is loaded.
Package caption Info: hyperref package is loaded.
Package caption Info: listings package is loaded.
)
("C:\Users\Jason D. Bakos\AppData\Local\Programs\MiKTeX 2.9\tex/latex/tools\arr
ay.sty"
Package: array 2018/12/30 v2.4k Tabular extension package (FMi)
\col@sep=\dimen135
\ar@mcellbox=\box57
\extrarowheight=\dimen136
\NC@list=\toks21
\extratabsurround=\skip46
\backup@length=\skip47
\ar@cellbox=\box58
)
("C:\Users\Jason D. Bakos\AppData\Local\Programs\MiKTeX 2.9\tex/latex/tools\tab
ularx.sty"
Package: tabularx 2016/02/03 v2.11b `tabularx' package (DPC)
\TX@col@width=\dimen137
\TX@old@table=\dimen138
\TX@old@col=\dimen139
\TX@target=\dimen140
\TX@delta=\dimen141
\TX@cols=\count121
\TX@ftn=\toks22
)
("C:\Users\Jason D. Bakos\AppData\Local\Programs\MiKTeX 2.9\tex/latex/circuitik
z\circuitikz.sty"
Package: circuitikz 2020/03/22{} The CircuiTikz circuit drawing package version
 1.0.2

("C:\Users\Jason D. Bakos\AppData\Local\Programs\MiKTeX 2.9\tex/latex/pgf/front
endlayer\tikz.sty"
("C:\Users\Jason D. Bakos\AppData\Local\Programs\MiKTeX 2.9\tex/latex/pgf/basic
layer\pgf.sty"
("C:\Users\Jason D. Bakos\AppData\Local\Programs\MiKTeX 2.9\tex/latex/pgf/utili
ties\pgfrcs.sty"
("C:\Users\Jason D. Bakos\AppData\Local\Programs\MiKTeX 2.9\tex/generic/pgf/uti
lities\pgfutil-common.tex"
\pgfutil@everybye=\toks23
\pgfutil@tempdima=\dimen142
\pgfutil@tempdimb=\dimen143

("C:\Users\Jason D. Bakos\AppData\Local\Programs\MiKTeX 2.9\tex/generic/pgf/uti
lities\pgfutil-common-lists.tex"))
("C:\Users\Jason D. Bakos\AppData\Local\Programs\MiKTeX 2.9\tex/generic/pgf/uti
lities\pgfutil-latex.def"
\pgfutil@abb=\box59

("C:\Users\Jason D. Bakos\AppData\Local\Programs\MiKTeX 2.9\tex/latex/ms\everys
hi.sty"
Package: everyshi 2001/05/15 v3.00 EveryShipout Package (MS)
))
("C:\Users\Jason D. Bakos\AppData\Local\Programs\MiKTeX 2.9\tex/generic/pgf/uti
lities\pgfrcs.code.tex"
("C:\Users\Jason D. Bakos\AppData\Local\Programs\MiKTeX 2.9\tex/generic/pgf\pgf
.revision.tex")
Package: pgfrcs 2019/05/09 v3.1.3 (3.1.3)
))
Package: pgf 2019/05/09 v3.1.3 (3.1.3)

("C:\Users\Jason D. Bakos\AppData\Local\Programs\MiKTeX 2.9\tex/latex/pgf/basic
layer\pgfcore.sty"
("C:\Users\Jason D. Bakos\AppData\Local\Programs\MiKTeX 2.9\tex/latex/graphics\
graphicx.sty"
Package: graphicx 2017/06/01 v1.1a Enhanced LaTeX Graphics (DPC,SPQR)

("C:\Users\Jason D. Bakos\AppData\Local\Programs\MiKTeX 2.9\tex/latex/graphics\
graphics.sty"
Package: graphics 2017/06/25 v1.2c Standard LaTeX Graphics (DPC,SPQR)

("C:\Users\Jason D. Bakos\AppData\Local\Programs\MiKTeX 2.9\tex/latex/graphics\
trig.sty"
Package: trig 2016/01/03 v1.10 sin cos tan (DPC)
)
("C:\Users\Jason D. Bakos\AppData\Local\Programs\MiKTeX 2.9\tex/latex/graphics-
cfg\graphics.cfg"
File: graphics.cfg 2016/06/04 v1.11 sample graphics configuration
)
Package graphics Info: Driver file: pdftex.def on input line 99.
)
\Gin@req@height=\dimen144
\Gin@req@width=\dimen145
)
("C:\Users\Jason D. Bakos\AppData\Local\Programs\MiKTeX 2.9\tex/latex/pgf/syste
mlayer\pgfsys.sty"
("C:\Users\Jason D. Bakos\AppData\Local\Programs\MiKTeX 2.9\tex/generic/pgf/sys
temlayer\pgfsys.code.tex"
Package: pgfsys 2019/05/09 v3.1.3 (3.1.3)

("C:\Users\Jason D. Bakos\AppData\Local\Programs\MiKTeX 2.9\tex/generic/pgf/uti
lities\pgfkeys.code.tex"
\pgfkeys@pathtoks=\toks24
\pgfkeys@temptoks=\toks25

("C:\Users\Jason D. Bakos\AppData\Local\Programs\MiKTeX 2.9\tex/generic/pgf/uti
lities\pgfkeysfiltered.code.tex"
\pgfkeys@tmptoks=\toks26
))
\pgf@x=\dimen146
\pgf@y=\dimen147
\pgf@xa=\dimen148
\pgf@ya=\dimen149
\pgf@xb=\dimen150
\pgf@yb=\dimen151
\pgf@xc=\dimen152
\pgf@yc=\dimen153
\pgf@xd=\dimen154
\pgf@yd=\dimen155
\w@pgf@writea=\write3
\r@pgf@reada=\read1
\c@pgf@counta=\count122
\c@pgf@countb=\count123
\c@pgf@countc=\count124
\c@pgf@countd=\count125
\t@pgf@toka=\toks27
\t@pgf@tokb=\toks28
\t@pgf@tokc=\toks29
\pgf@sys@id@count=\count126

("C:\Users\Jason D. Bakos\AppData\Local\Programs\MiKTeX 2.9\tex/generic/pgf/sys
temlayer\pgf.cfg"
File: pgf.cfg 2019/05/09 v3.1.3 (3.1.3)
)
Driver file for pgf: pgfsys-pdftex.def

("C:\Users\Jason D. Bakos\AppData\Local\Programs\MiKTeX 2.9\tex/generic/pgf/sys
temlayer\pgfsys-pdftex.def"
File: pgfsys-pdftex.def 2019/05/09 v3.1.3 (3.1.3)

("C:\Users\Jason D. Bakos\AppData\Local\Programs\MiKTeX 2.9\tex/generic/pgf/sys
temlayer\pgfsys-common-pdf.def"
File: pgfsys-common-pdf.def 2019/05/09 v3.1.3 (3.1.3)
)))
("C:\Users\Jason D. Bakos\AppData\Local\Programs\MiKTeX 2.9\tex/generic/pgf/sys
temlayer\pgfsyssoftpath.code.tex"
File: pgfsyssoftpath.code.tex 2019/05/09 v3.1.3 (3.1.3)
\pgfsyssoftpath@smallbuffer@items=\count127
\pgfsyssoftpath@bigbuffer@items=\count128
)
("C:\Users\Jason D. Bakos\AppData\Local\Programs\MiKTeX 2.9\tex/generic/pgf/sys
temlayer\pgfsysprotocol.code.tex"
File: pgfsysprotocol.code.tex 2019/05/09 v3.1.3 (3.1.3)
))
("C:\Users\Jason D. Bakos\AppData\Local\Programs\MiKTeX 2.9\tex/latex/xcolor\xc
olor.sty"
Package: xcolor 2016/05/11 v2.12 LaTeX color extensions (UK)

("C:\Users\Jason D. Bakos\AppData\Local\Programs\MiKTeX 2.9\tex/latex/graphics-
cfg\color.cfg"
File: color.cfg 2016/01/02 v1.6 sample color configuration
)
Package xcolor Info: Driver file: pdftex.def on input line 225.
LaTeX Info: Redefining \color on input line 709.
Package xcolor Info: Model `cmy' substituted by `cmy0' on input line 1348.
Package xcolor Info: Model `hsb' substituted by `rgb' on input line 1352.
Package xcolor Info: Model `RGB' extended on input line 1364.
Package xcolor Info: Model `HTML' substituted by `rgb' on input line 1366.
Package xcolor Info: Model `Hsb' substituted by `hsb' on input line 1367.
Package xcolor Info: Model `tHsb' substituted by `hsb' on input line 1368.
Package xcolor Info: Model `HSB' substituted by `hsb' on input line 1369.
Package xcolor Info: Model `Gray' substituted by `gray' on input line 1370.
Package xcolor Info: Model `wave' substituted by `hsb' on input line 1371.
)
("C:\Users\Jason D. Bakos\AppData\Local\Programs\MiKTeX 2.9\tex/generic/pgf/bas
iclayer\pgfcore.code.tex"
Package: pgfcore 2019/05/09 v3.1.3 (3.1.3)

("C:\Users\Jason D. Bakos\AppData\Local\Programs\MiKTeX 2.9\tex/generic/pgf/mat
h\pgfmath.code.tex"
("C:\Users\Jason D. Bakos\AppData\Local\Programs\MiKTeX 2.9\tex/generic/pgf/mat
h\pgfmathcalc.code.tex"
("C:\Users\Jason D. Bakos\AppData\Local\Programs\MiKTeX 2.9\tex/generic/pgf/mat
h\pgfmathutil.code.tex")
("C:\Users\Jason D. Bakos\AppData\Local\Programs\MiKTeX 2.9\tex/generic/pgf/mat
h\pgfmathparser.code.tex"
\pgfmath@dimen=\dimen156
\pgfmath@count=\count129
\pgfmath@box=\box60
\pgfmath@toks=\toks30
\pgfmath@stack@operand=\toks31
\pgfmath@stack@operation=\toks32
)
("C:\Users\Jason D. Bakos\AppData\Local\Programs\MiKTeX 2.9\tex/generic/pgf/mat
h\pgfmathfunctions.code.tex"
("C:\Users\Jason D. Bakos\AppData\Local\Programs\MiKTeX 2.9\tex/generic/pgf/mat
h\pgfmathfunctions.basic.code.tex")
("C:\Users\Jason D. Bakos\AppData\Local\Programs\MiKTeX 2.9\tex/generic/pgf/mat
h\pgfmathfunctions.trigonometric.code.tex")
("C:\Users\Jason D. Bakos\AppData\Local\Programs\MiKTeX 2.9\tex/generic/pgf/mat
h\pgfmathfunctions.random.code.tex")
("C:\Users\Jason D. Bakos\AppData\Local\Programs\MiKTeX 2.9\tex/generic/pgf/mat
h\pgfmathfunctions.comparison.code.tex")
("C:\Users\Jason D. Bakos\AppData\Local\Programs\MiKTeX 2.9\tex/generic/pgf/mat
h\pgfmathfunctions.base.code.tex")
("C:\Users\Jason D. Bakos\AppData\Local\Programs\MiKTeX 2.9\tex/generic/pgf/mat
h\pgfmathfunctions.round.code.tex")
("C:\Users\Jason D. Bakos\AppData\Local\Programs\MiKTeX 2.9\tex/generic/pgf/mat
h\pgfmathfunctions.misc.code.tex")
("C:\Users\Jason D. Bakos\AppData\Local\Programs\MiKTeX 2.9\tex/generic/pgf/mat
h\pgfmathfunctions.integerarithmetics.code.tex")))
("C:\Users\Jason D. Bakos\AppData\Local\Programs\MiKTeX 2.9\tex/generic/pgf/mat
h\pgfmathfloat.code.tex"
\c@pgfmathroundto@lastzeros=\count130
))
("C:\Users\Jason D. Bakos\AppData\Local\Programs\MiKTeX 2.9\tex/generic/pgf/mat
h\pgfint.code.tex")
("C:\Users\Jason D. Bakos\AppData\Local\Programs\MiKTeX 2.9\tex/generic/pgf/bas
iclayer\pgfcorepoints.code.tex"
File: pgfcorepoints.code.tex 2019/05/09 v3.1.3 (3.1.3)
\pgf@picminx=\dimen157
\pgf@picmaxx=\dimen158
\pgf@picminy=\dimen159
\pgf@picmaxy=\dimen160
\pgf@pathminx=\dimen161
\pgf@pathmaxx=\dimen162
\pgf@pathminy=\dimen163
\pgf@pathmaxy=\dimen164
\pgf@xx=\dimen165
\pgf@xy=\dimen166
\pgf@yx=\dimen167
\pgf@yy=\dimen168
\pgf@zx=\dimen169
\pgf@zy=\dimen170
)
("C:\Users\Jason D. Bakos\AppData\Local\Programs\MiKTeX 2.9\tex/generic/pgf/bas
iclayer\pgfcorepathconstruct.code.tex"
File: pgfcorepathconstruct.code.tex 2019/05/09 v3.1.3 (3.1.3)
\pgf@path@lastx=\dimen171
\pgf@path@lasty=\dimen172
)
("C:\Users\Jason D. Bakos\AppData\Local\Programs\MiKTeX 2.9\tex/generic/pgf/bas
iclayer\pgfcorepathusage.code.tex"
File: pgfcorepathusage.code.tex 2019/05/09 v3.1.3 (3.1.3)
\pgf@shorten@end@additional=\dimen173
\pgf@shorten@start@additional=\dimen174
)
("C:\Users\Jason D. Bakos\AppData\Local\Programs\MiKTeX 2.9\tex/generic/pgf/bas
iclayer\pgfcorescopes.code.tex"
File: pgfcorescopes.code.tex 2019/05/09 v3.1.3 (3.1.3)
\pgfpic=\box61
\pgf@hbox=\box62
\pgf@layerbox@main=\box63
\pgf@picture@serial@count=\count131
)
("C:\Users\Jason D. Bakos\AppData\Local\Programs\MiKTeX 2.9\tex/generic/pgf/bas
iclayer\pgfcoregraphicstate.code.tex"
File: pgfcoregraphicstate.code.tex 2019/05/09 v3.1.3 (3.1.3)
\pgflinewidth=\dimen175
)
("C:\Users\Jason D. Bakos\AppData\Local\Programs\MiKTeX 2.9\tex/generic/pgf/bas
iclayer\pgfcoretransformations.code.tex"
File: pgfcoretransformations.code.tex 2019/05/09 v3.1.3 (3.1.3)
\pgf@pt@x=\dimen176
\pgf@pt@y=\dimen177
\pgf@pt@temp=\dimen178
)
("C:\Users\Jason D. Bakos\AppData\Local\Programs\MiKTeX 2.9\tex/generic/pgf/bas
iclayer\pgfcorequick.code.tex"
File: pgfcorequick.code.tex 2019/05/09 v3.1.3 (3.1.3)
)
("C:\Users\Jason D. Bakos\AppData\Local\Programs\MiKTeX 2.9\tex/generic/pgf/bas
iclayer\pgfcoreobjects.code.tex"
File: pgfcoreobjects.code.tex 2019/05/09 v3.1.3 (3.1.3)
)
("C:\Users\Jason D. Bakos\AppData\Local\Programs\MiKTeX 2.9\tex/generic/pgf/bas
iclayer\pgfcorepathprocessing.code.tex"
File: pgfcorepathprocessing.code.tex 2019/05/09 v3.1.3 (3.1.3)
)
("C:\Users\Jason D. Bakos\AppData\Local\Programs\MiKTeX 2.9\tex/generic/pgf/bas
iclayer\pgfcorearrows.code.tex"
File: pgfcorearrows.code.tex 2019/05/09 v3.1.3 (3.1.3)
\pgfarrowsep=\dimen179
)
("C:\Users\Jason D. Bakos\AppData\Local\Programs\MiKTeX 2.9\tex/generic/pgf/bas
iclayer\pgfcoreshade.code.tex"
File: pgfcoreshade.code.tex 2019/05/09 v3.1.3 (3.1.3)
\pgf@max=\dimen180
\pgf@sys@shading@range@num=\count132
\pgf@shadingcount=\count133
)
("C:\Users\Jason D. Bakos\AppData\Local\Programs\MiKTeX 2.9\tex/generic/pgf/bas
iclayer\pgfcoreimage.code.tex"
File: pgfcoreimage.code.tex 2019/05/09 v3.1.3 (3.1.3)

("C:\Users\Jason D. Bakos\AppData\Local\Programs\MiKTeX 2.9\tex/generic/pgf/bas
iclayer\pgfcoreexternal.code.tex"
File: pgfcoreexternal.code.tex 2019/05/09 v3.1.3 (3.1.3)
\pgfexternal@startupbox=\box64
))
("C:\Users\Jason D. Bakos\AppData\Local\Programs\MiKTeX 2.9\tex/generic/pgf/bas
iclayer\pgfcorelayers.code.tex"
File: pgfcorelayers.code.tex 2019/05/09 v3.1.3 (3.1.3)
)
("C:\Users\Jason D. Bakos\AppData\Local\Programs\MiKTeX 2.9\tex/generic/pgf/bas
iclayer\pgfcoretransparency.code.tex"
File: pgfcoretransparency.code.tex 2019/05/09 v3.1.3 (3.1.3)
)
("C:\Users\Jason D. Bakos\AppData\Local\Programs\MiKTeX 2.9\tex/generic/pgf/bas
iclayer\pgfcorepatterns.code.tex"
File: pgfcorepatterns.code.tex 2019/05/09 v3.1.3 (3.1.3)
)
("C:\Users\Jason D. Bakos\AppData\Local\Programs\MiKTeX 2.9\tex/generic/pgf/bas
iclayer\pgfcorerdf.code.tex"
File: pgfcorerdf.code.tex 2019/05/09 v3.1.3 (3.1.3)
)))
("C:\Users\Jason D. Bakos\AppData\Local\Programs\MiKTeX 2.9\tex/generic/pgf/mod
ules\pgfmoduleshapes.code.tex"
File: pgfmoduleshapes.code.tex 2019/05/09 v3.1.3 (3.1.3)
\pgfnodeparttextbox=\box65
)
("C:\Users\Jason D. Bakos\AppData\Local\Programs\MiKTeX 2.9\tex/generic/pgf/mod
ules\pgfmoduleplot.code.tex"
File: pgfmoduleplot.code.tex 2019/05/09 v3.1.3 (3.1.3)
)
("C:\Users\Jason D. Bakos\AppData\Local\Programs\MiKTeX 2.9\tex/latex/pgf/compa
tibility\pgfcomp-version-0-65.sty"
Package: pgfcomp-version-0-65 2019/05/09 v3.1.3 (3.1.3)
\pgf@nodesepstart=\dimen181
\pgf@nodesepend=\dimen182
)
("C:\Users\Jason D. Bakos\AppData\Local\Programs\MiKTeX 2.9\tex/latex/pgf/compa
tibility\pgfcomp-version-1-18.sty"
Package: pgfcomp-version-1-18 2019/05/09 v3.1.3 (3.1.3)
))
("C:\Users\Jason D. Bakos\AppData\Local\Programs\MiKTeX 2.9\tex/latex/pgf/utili
ties\pgffor.sty"
("C:\Users\Jason D. Bakos\AppData\Local\Programs\MiKTeX 2.9\tex/latex/pgf/utili
ties\pgfkeys.sty"
("C:\Users\Jason D. Bakos\AppData\Local\Programs\MiKTeX 2.9\tex/generic/pgf/uti
lities\pgfkeys.code.tex"))
("C:\Users\Jason D. Bakos\AppData\Local\Programs\MiKTeX 2.9\tex/latex/pgf/math\
pgfmath.sty"
("C:\Users\Jason D. Bakos\AppData\Local\Programs\MiKTeX 2.9\tex/generic/pgf/mat
h\pgfmath.code.tex"))
("C:\Users\Jason D. Bakos\AppData\Local\Programs\MiKTeX 2.9\tex/generic/pgf/uti
lities\pgffor.code.tex"
Package: pgffor 2019/05/09 v3.1.3 (3.1.3)

("C:\Users\Jason D. Bakos\AppData\Local\Programs\MiKTeX 2.9\tex/generic/pgf/mat
h\pgfmath.code.tex")
\pgffor@iter=\dimen183
\pgffor@skip=\dimen184
\pgffor@stack=\toks33
\pgffor@toks=\toks34
))
("C:\Users\Jason D. Bakos\AppData\Local\Programs\MiKTeX 2.9\tex/generic/pgf/fro
ntendlayer/tikz\tikz.code.tex"
Package: tikz 2019/05/09 v3.1.3 (3.1.3)

("C:\Users\Jason D. Bakos\AppData\Local\Programs\MiKTeX 2.9\tex/generic/pgf/lib
raries\pgflibraryplothandlers.code.tex"
File: pgflibraryplothandlers.code.tex 2019/05/09 v3.1.3 (3.1.3)
\pgf@plot@mark@count=\count134
\pgfplotmarksize=\dimen185
)
\tikz@lastx=\dimen186
\tikz@lasty=\dimen187
\tikz@lastxsaved=\dimen188
\tikz@lastysaved=\dimen189
\tikzleveldistance=\dimen190
\tikzsiblingdistance=\dimen191
\tikz@figbox=\box66
\tikz@figbox@bg=\box67
\tikz@tempbox=\box68
\tikz@tempbox@bg=\box69
\tikztreelevel=\count135
\tikznumberofchildren=\count136
\tikznumberofcurrentchild=\count137
\tikz@fig@count=\count138

("C:\Users\Jason D. Bakos\AppData\Local\Programs\MiKTeX 2.9\tex/generic/pgf/mod
ules\pgfmodulematrix.code.tex"
File: pgfmodulematrix.code.tex 2019/05/09 v3.1.3 (3.1.3)
\pgfmatrixcurrentrow=\count139
\pgfmatrixcurrentcolumn=\count140
\pgf@matrix@numberofcolumns=\count141
)
\tikz@expandcount=\count142

("C:\Users\Jason D. Bakos\AppData\Local\Programs\MiKTeX 2.9\tex/generic/pgf/fro
ntendlayer/tikz/libraries\tikzlibrarytopaths.code.tex"
File: tikzlibrarytopaths.code.tex 2019/05/09 v3.1.3 (3.1.3)
)))
("C:\Users\Jason D. Bakos\AppData\Local\Programs\MiKTeX 2.9\tex/generic/pgf/fro
ntendlayer/tikz/libraries\tikzlibrarycalc.code.tex"
File: tikzlibrarycalc.code.tex 2019/05/09 v3.1.3 (3.1.3)
)
("C:\Users\Jason D. Bakos\AppData\Local\Programs\MiKTeX 2.9\tex/generic/pgf/lib
raries\pgflibraryarrows.meta.code.tex"
File: pgflibraryarrows.meta.code.tex 2019/05/09 v3.1.3 (3.1.3)
\pgfarrowinset=\dimen192
\pgfarrowlength=\dimen193
\pgfarrowwidth=\dimen194
\pgfarrowlinewidth=\dimen195
)
("C:\Users\Jason D. Bakos\AppData\Local\Programs\MiKTeX 2.9\tex/generic/pgf/fro
ntendlayer/tikz/libraries\tikzlibrarybending.code.tex"
File: tikzlibrarybending.code.tex 2019/05/09 v3.1.3 (3.1.3)

("C:\Users\Jason D. Bakos\AppData\Local\Programs\MiKTeX 2.9\tex/generic/pgf/mod
ules\pgfmodulebending.code.tex"
File: pgfmodulebending.code.tex 2019/05/09 v3.1.3 (3.1.3)

("C:\Users\Jason D. Bakos\AppData\Local\Programs\MiKTeX 2.9\tex/generic/pgf/mod
ules\pgfmodulenonlineartransformations.code.tex"
File: pgfmodulenonlineartransformations.code.tex 2019/05/09 v3.1.3 (3.1.3)
\pgftransformnonlinearflatness=\dimen196
)
("C:\Users\Jason D. Bakos\AppData\Local\Programs\MiKTeX 2.9\tex/generic/pgf/lib
raries\pgflibrarycurvilinear.code.tex"
File: pgflibrarycurvilinear.code.tex 2019/05/09 v3.1.3 (3.1.3)
\pgf@curvilinear@time@a=\dimen197
\pgf@curvilinear@length@a=\dimen198
\pgf@curvilinear@length@b=\dimen199
\pgf@curvilinear@length@c=\dimen256
\pgf@curvilinear@length@d=\dimen257
)
\pgf@arrows@the@rigidity=\dimen258
))
("C:\Users\Jason D. Bakos\AppData\Local\Programs\MiKTeX 2.9\tex/generic/pgf/fro
ntendlayer/tikz/libraries\tikzlibraryfpu.code.tex"
("C:\Users\Jason D. Bakos\AppData\Local\Programs\MiKTeX 2.9\tex/generic/pgf/lib
raries\pgflibraryfpu.code.tex"))
("C:\Users\Jason D. Bakos\AppData\Local\Programs\MiKTeX 2.9\tex/generic/circuit
ikz\pgfcirc.defines.tex"
\pgf@circ@count@a=\count143
\pgf@circ@count@b=\count144
\pgf@circ@count@c=\count145
\pgf@circ@res@up=\dimen259
\pgf@circ@res@down=\dimen260
\pgf@circ@res@zero=\dimen261
\pgf@circ@res@left=\dimen262
\pgf@circ@res@right=\dimen263
\pgf@circ@res@other=\dimen264
\pgf@circ@res@step=\dimen265
\pgf@circ@res@temp=\dimen266
\pgfstartlinewidth=\dimen267
\pgf@circ@Rlen=\dimen268
\pgf@circ@scaled@Rlen=\dimen269
)
("C:\Users\Jason D. Bakos\AppData\Local\Programs\MiKTeX 2.9\tex/generic/circuit
ikz\pgfcircutils.tex")
("C:\Users\Jason D. Bakos\AppData\Local\Programs\MiKTeX 2.9\tex/generic/circuit
ikz\pgfcircshapes.tex")
("C:\Users\Jason D. Bakos\AppData\Local\Programs\MiKTeX 2.9\tex/generic/circuit
ikz\pgfcircmonopoles.tex")
("C:\Users\Jason D. Bakos\AppData\Local\Programs\MiKTeX 2.9\tex/generic/circuit
ikz\pgfcircbipoles.tex")
("C:\Users\Jason D. Bakos\AppData\Local\Programs\MiKTeX 2.9\tex/generic/circuit
ikz\pgfcirctripoles.tex"
\pgf@circ@res@count=\count146
)
("C:\Users\Jason D. Bakos\AppData\Local\Programs\MiKTeX 2.9\tex/generic/circuit
ikz\pgfcircquadpoles.tex")
("C:\Users\Jason D. Bakos\AppData\Local\Programs\MiKTeX 2.9\tex/generic/circuit
ikz\pgfcircmultipoles.tex")
("C:\Users\Jason D. Bakos\AppData\Local\Programs\MiKTeX 2.9\tex/generic/circuit
ikz\pgfcirclabel.tex")
("C:\Users\Jason D. Bakos\AppData\Local\Programs\MiKTeX 2.9\tex/generic/circuit
ikz\pgfcircvoltage.tex")
("C:\Users\Jason D. Bakos\AppData\Local\Programs\MiKTeX 2.9\tex/generic/circuit
ikz\pgfcirccurrent.tex")
("C:\Users\Jason D. Bakos\AppData\Local\Programs\MiKTeX 2.9\tex/generic/circuit
ikz\pgfcircflow.tex")
("C:\Users\Jason D. Bakos\AppData\Local\Programs\MiKTeX 2.9\tex/generic/circuit
ikz\pgfcircpath.tex")

Package circuitikz Warning: You did not specify one of the voltage directions:
(circuitikz)                  oldvoltagedirection, nooldvoltagedirection, 
(circuitikz)                  RPvoltages or EFvoltages 
(circuitikz)                Default directions may have changed, 
(circuitikz)                please check the manual.

)
("C:\Users\Jason D. Bakos\AppData\Local\Programs\MiKTeX 2.9\tex/latex/oberdiek\
epstopdf.sty"
Package: epstopdf 2016/05/15 v2.6 Conversion with epstopdf on the fly (HO)

("C:\Users\Jason D. Bakos\AppData\Local\Programs\MiKTeX 2.9\tex/latex/oberdiek\
epstopdf-base.sty"
Package: epstopdf-base 2016/05/15 v2.6 Base part for package epstopdf

("C:\Users\Jason D. Bakos\AppData\Local\Programs\MiKTeX 2.9\tex/latex/oberdiek\
grfext.sty"
Package: grfext 2016/05/16 v1.2 Manage graphics extensions (HO)
)
Package epstopdf-base Info: Redefining graphics rule for `.eps' on input line 4
38.
Package grfext Info: Graphics extension search list:
(grfext)             [.pdf,.png,.jpg,.mps,.jpeg,.jbig2,.jb2,.PDF,.PNG,.JPG,.JPE
G,.JBIG2,.JB2,.eps]
(grfext)             \AppendGraphicsExtensions on input line 456.
))
("C:\Users\Jason D. Bakos\AppData\Local\Programs\MiKTeX 2.9\tex/latex/pgfplots\
pgfplots.sty"
("C:\Users\Jason D. Bakos\AppData\Local\Programs\MiKTeX 2.9\tex/generic/pgfplot
s\pgfplots.revision.tex")
Package: pgfplots 2020/02/29 v1.17 Data Visualization (1.17)

("C:\Users\Jason D. Bakos\AppData\Local\Programs\MiKTeX 2.9\tex/generic/pgfplot
s\pgfplots.code.tex"
("C:\Users\Jason D. Bakos\AppData\Local\Programs\MiKTeX 2.9\tex/generic/pgfplot
s\pgfplotscore.code.tex"
\t@pgfplots@toka=\toks35
\t@pgfplots@tokb=\toks36
\t@pgfplots@tokc=\toks37
\pgfplots@tmpa=\dimen270
\c@pgfplots@coordindex=\count147
\c@pgfplots@scanlineindex=\count148

("C:\Users\Jason D. Bakos\AppData\Local\Programs\MiKTeX 2.9\tex/generic/pgfplot
s/sys\pgfplotssysgeneric.code.tex"))
("C:\Users\Jason D. Bakos\AppData\Local\Programs\MiKTeX 2.9\tex/generic/pgfplot
s/libs\pgfplotslibrary.code.tex")
("C:\Users\Jason D. Bakos\AppData\Local\Programs\MiKTeX 2.9\tex/generic/pgfplot
s/oldpgfcompatib\pgfplotsoldpgfsupp_loader.code.tex")
("C:\Users\Jason D. Bakos\AppData\Local\Programs\MiKTeX 2.9\tex/generic/pgfplot
s/util\pgfplotsutil.code.tex"
("C:\Users\Jason D. Bakos\AppData\Local\Programs\MiKTeX 2.9\tex/generic/pgfplot
s/liststructure\pgfplotsliststructure.code.tex")
("C:\Users\Jason D. Bakos\AppData\Local\Programs\MiKTeX 2.9\tex/generic/pgfplot
s/liststructure\pgfplotsliststructureext.code.tex")
("C:\Users\Jason D. Bakos\AppData\Local\Programs\MiKTeX 2.9\tex/generic/pgfplot
s/liststructure\pgfplotsarray.code.tex"
\c@pgfplotsarray@tmp=\count149
)
("C:\Users\Jason D. Bakos\AppData\Local\Programs\MiKTeX 2.9\tex/generic/pgfplot
s/liststructure\pgfplotsmatrix.code.tex")
("C:\Users\Jason D. Bakos\AppData\Local\Programs\MiKTeX 2.9\tex/generic/pgfplot
s/numtable\pgfplotstableshared.code.tex"
\c@pgfplotstable@counta=\count150
\t@pgfplotstable@a=\toks38
)
("C:\Users\Jason D. Bakos\AppData\Local\Programs\MiKTeX 2.9\tex/generic/pgfplot
s/liststructure\pgfplotsdeque.code.tex")
("C:\Users\Jason D. Bakos\AppData\Local\Programs\MiKTeX 2.9\tex/generic/pgfplot
s/util\pgfplotsbinary.code.tex"
("C:\Users\Jason D. Bakos\AppData\Local\Programs\MiKTeX 2.9\tex/generic/pgfplot
s/util\pgfplotsbinary.data.code.tex"))
("C:\Users\Jason D. Bakos\AppData\Local\Programs\MiKTeX 2.9\tex/generic/pgfplot
s/util\pgfplotsutil.verb.code.tex")
("C:\Users\Jason D. Bakos\AppData\Local\Programs\MiKTeX 2.9\tex/generic/pgfplot
s/libs\pgflibrarypgfplots.surfshading.code.tex"
\c@pgfplotslibrarysurf@no=\count151

("C:\Users\Jason D. Bakos\AppData\Local\Programs\MiKTeX 2.9\tex/generic/pgfplot
s/sys\pgflibrarypgfplots.surfshading.pgfsys-pdftex.def")))
("C:\Users\Jason D. Bakos\AppData\Local\Programs\MiKTeX 2.9\tex/generic/pgfplot
s/util\pgfplotscolormap.code.tex"
("C:\Users\Jason D. Bakos\AppData\Local\Programs\MiKTeX 2.9\tex/generic/pgfplot
s/util\pgfplotscolor.code.tex"))
("C:\Users\Jason D. Bakos\AppData\Local\Programs\MiKTeX 2.9\tex/generic/pgfplot
s\pgfplotsstackedplots.code.tex")
("C:\Users\Jason D. Bakos\AppData\Local\Programs\MiKTeX 2.9\tex/generic/pgfplot
s\pgfplotsplothandlers.code.tex"
("C:\Users\Jason D. Bakos\AppData\Local\Programs\MiKTeX 2.9\tex/generic/pgfplot
s\pgfplotsmeshplothandler.code.tex"
("C:\Users\Jason D. Bakos\AppData\Local\Programs\MiKTeX 2.9\tex/generic/pgfplot
s\pgfplotsmeshplotimage.code.tex")))
("C:\Users\Jason D. Bakos\AppData\Local\Programs\MiKTeX 2.9\tex/generic/pgfplot
s\pgfplots.scaling.code.tex")
("C:\Users\Jason D. Bakos\AppData\Local\Programs\MiKTeX 2.9\tex/generic/pgfplot
s\pgfplotscoordprocessing.code.tex")
("C:\Users\Jason D. Bakos\AppData\Local\Programs\MiKTeX 2.9\tex/generic/pgfplot
s\pgfplots.errorbars.code.tex")
("C:\Users\Jason D. Bakos\AppData\Local\Programs\MiKTeX 2.9\tex/generic/pgfplot
s\pgfplots.markers.code.tex")
("C:\Users\Jason D. Bakos\AppData\Local\Programs\MiKTeX 2.9\tex/generic/pgfplot
s\pgfplotsticks.code.tex")
("C:\Users\Jason D. Bakos\AppData\Local\Programs\MiKTeX 2.9\tex/generic/pgfplot
s\pgfplots.paths.code.tex")
("C:\Users\Jason D. Bakos\AppData\Local\Programs\MiKTeX 2.9\tex/generic/pgf/fro
ntendlayer/tikz/libraries\tikzlibrarydecorations.code.tex"
("C:\Users\Jason D. Bakos\AppData\Local\Programs\MiKTeX 2.9\tex/generic/pgf/mod
ules\pgfmoduledecorations.code.tex"
\pgfdecoratedcompleteddistance=\dimen271
\pgfdecoratedremainingdistance=\dimen272
\pgfdecoratedinputsegmentcompleteddistance=\dimen273
\pgfdecoratedinputsegmentremainingdistance=\dimen274
\pgf@decorate@distancetomove=\dimen275
\pgf@decorate@repeatstate=\count152
\pgfdecorationsegmentamplitude=\dimen276
\pgfdecorationsegmentlength=\dimen277
)
\tikz@lib@dec@box=\box70
)
("C:\Users\Jason D. Bakos\AppData\Local\Programs\MiKTeX 2.9\tex/generic/pgf/fro
ntendlayer/tikz/libraries\tikzlibrarydecorations.pathmorphing.code.tex"
("C:\Users\Jason D. Bakos\AppData\Local\Programs\MiKTeX 2.9\tex/generic/pgf/lib
raries/decorations\pgflibrarydecorations.pathmorphing.code.tex"))
("C:\Users\Jason D. Bakos\AppData\Local\Programs\MiKTeX 2.9\tex/generic/pgf/fro
ntendlayer/tikz/libraries\tikzlibrarydecorations.pathreplacing.code.tex"
("C:\Users\Jason D. Bakos\AppData\Local\Programs\MiKTeX 2.9\tex/generic/pgf/lib
raries/decorations\pgflibrarydecorations.pathreplacing.code.tex"))
\pgfplots@numplots=\count153
\pgfplots@xmin@reg=\dimen278
\pgfplots@xmax@reg=\dimen279
\pgfplots@ymin@reg=\dimen280
\pgfplots@ymax@reg=\dimen281
\pgfplots@zmin@reg=\dimen282
\pgfplots@zmax@reg=\dimen283
)
("C:\Users\Jason D. Bakos\AppData\Local\Programs\MiKTeX 2.9\tex/generic/pgf/fro
ntendlayer/tikz/libraries\tikzlibraryplotmarks.code.tex"
File: tikzlibraryplotmarks.code.tex 2019/05/09 v3.1.3 (3.1.3)

("C:\Users\Jason D. Bakos\AppData\Local\Programs\MiKTeX 2.9\tex/generic/pgf/lib
raries\pgflibraryplotmarks.code.tex"
File: pgflibraryplotmarks.code.tex 2019/05/09 v3.1.3 (3.1.3)
)))
("C:\Users\Jason D. Bakos\AppData\Local\Programs\MiKTeX 2.9\tex/latex/pgfplots\
pgfplotstable.sty"
("C:\Users\Jason D. Bakos\AppData\Local\Programs\MiKTeX 2.9\tex/generic/pgfplot
s\pgfplots.revision.tex")
Package: pgfplotstable 2020/02/29 v1.17 Table typesetting and Pretty-printing (
1.17)

("C:\Users\Jason D. Bakos\AppData\Local\Programs\MiKTeX 2.9\tex/generic/pgfplot
s/numtable\pgfplotstable.code.tex"
("C:\Users\Jason D. Bakos\AppData\Local\Programs\MiKTeX 2.9\tex/generic/pgfplot
s/numtable\pgfplotstable.coltype.code.tex")))
("C:\Users\Jason D. Bakos\AppData\Local\Programs\MiKTeX 2.9\tex/latex/adjustbox
\adjustbox.sty"
Package: adjustbox 2019/01/04 v1.2 Adjusting TeX boxes (trim, clip, ...)

("C:\Users\Jason D. Bakos\AppData\Local\Programs\MiKTeX 2.9\tex/latex/xkeyval\x
keyval.sty"
Package: xkeyval 2014/12/03 v2.7a package option processing (HA)

("C:\Users\Jason D. Bakos\AppData\Local\Programs\MiKTeX 2.9\tex/generic/xkeyval
\xkeyval.tex"
("C:\Users\Jason D. Bakos\AppData\Local\Programs\MiKTeX 2.9\tex/generic/xkeyval
\xkvutils.tex"
\XKV@toks=\toks39
\XKV@tempa@toks=\toks40
)
\XKV@depth=\count154
File: xkeyval.tex 2014/12/03 v2.7a key=value parser (HA)
))
("C:\Users\Jason D. Bakos\AppData\Local\Programs\MiKTeX 2.9\tex/latex/adjustbox
\adjcalc.sty"
Package: adjcalc 2012/05/16 v1.1 Provides advanced setlength with multiple back
-ends (calc, etex, pgfmath)
)
("C:\Users\Jason D. Bakos\AppData\Local\Programs\MiKTeX 2.9\tex/latex/adjustbox
\trimclip.sty"
Package: trimclip 2018/04/08 v1.1 Trim and clip general TeX material

("C:\Users\Jason D. Bakos\AppData\Local\Programs\MiKTeX 2.9\tex/latex/collectbo
x\collectbox.sty"
Package: collectbox 2012/05/17 v0.4b Collect macro arguments as boxes
\collectedbox=\box71
)
\tc@llx=\dimen284
\tc@lly=\dimen285
\tc@urx=\dimen286
\tc@ury=\dimen287
Package trimclip Info: Using driver 'tc-pdftex.def'.

("C:\Users\Jason D. Bakos\AppData\Local\Programs\MiKTeX 2.9\tex/latex/adjustbox
\tc-pdftex.def"
File: tc-pdftex.def 2019/01/04 v2.2 Clipping driver for pdftex
))
\adjbox@Width=\dimen288
\adjbox@Height=\dimen289
\adjbox@Depth=\dimen290
\adjbox@Totalheight=\dimen291
\adjbox@pwidth=\dimen292
\adjbox@pheight=\dimen293
\adjbox@pdepth=\dimen294
\adjbox@ptotalheight=\dimen295

("C:\Users\Jason D. Bakos\AppData\Local\Programs\MiKTeX 2.9\tex/latex/ifoddpage
\ifoddpage.sty"
Package: ifoddpage 2016/04/23 v1.1 Conditionals for odd/even page detection
\c@checkoddpage=\count155
)
("C:\Users\Jason D. Bakos\AppData\Local\Programs\MiKTeX 2.9\tex/latex/varwidth\
varwidth.sty"
Package: varwidth 2009/03/30 ver 0.92;  Variable-width minipages
\@vwid@box=\box72
\sift@deathcycles=\count156
\@vwid@loff=\dimen296
\@vwid@roff=\dimen297
))
("C:\Users\Jason D. Bakos\AppData\Local\Programs\MiKTeX 2.9\tex/latex/pdfpages\
pdfpages.sty"
Package: pdfpages 2020/01/28 v0.5q Insert pages of external PDF documents (AM)

("C:\Users\Jason D. Bakos\AppData\Local\Programs\MiKTeX 2.9\tex/latex/base\ifth
en.sty"
Package: ifthen 2014/09/29 v1.1c Standard LaTeX ifthen package (DPC)
)
("C:\Users\Jason D. Bakos\AppData\Local\Programs\MiKTeX 2.9\tex/latex/tools\cal
c.sty"
Package: calc 2017/05/25 v4.3 Infix arithmetic (KKT,FJ)
\calc@Acount=\count157
\calc@Bcount=\count158
\calc@Adimen=\dimen298
\calc@Bdimen=\dimen299
\calc@Askip=\skip48
\calc@Bskip=\skip49
LaTeX Info: Redefining \setlength on input line 80.
LaTeX Info: Redefining \addtolength on input line 81.
\calc@Ccount=\count159
\calc@Cskip=\skip50
)
("C:\Users\Jason D. Bakos\AppData\Local\Programs\MiKTeX 2.9\tex/latex/eso-pic\e
so-pic.sty"
Package: eso-pic 2018/04/12 v2.0h eso-pic (RN)
)
\AM@pagewidth=\dimen300
\AM@pageheight=\dimen301

("C:\Users\Jason D. Bakos\AppData\Local\Programs\MiKTeX 2.9\tex/latex/pdfpages\
pppdftex.def"
File: pppdftex.def 2020/01/28 v0.5q Pdfpages driver for pdfTeX (AM)
)
\AM@pagebox=\box73
\AM@global@opts=\toks41
\AM@pagecnt=\count160
\AM@toc@title=\toks42
\c@AM@survey=\count161
\AM@templatesizebox=\box74
)
("C:\Users\Jason D. Bakos\AppData\Local\Programs\MiKTeX 2.9\tex/latex/setspace\
setspace.sty"
Package: setspace 2011/12/19 v6.7a set line spacing
)
("C:\Users\Jason D. Bakos\AppData\Local\Programs\MiKTeX 2.9\tex/latex/fancyhdr\
fancyhdr.sty"
Package: fancyhdr 2019/01/31 v3.10 Extensive control of page headers and footer
s
\f@nch@headwidth=\skip51
\f@nch@O@elh=\skip52
\f@nch@O@erh=\skip53
\f@nch@O@olh=\skip54
\f@nch@O@orh=\skip55
\f@nch@O@elf=\skip56
\f@nch@O@erf=\skip57
\f@nch@O@olf=\skip58
\f@nch@O@orf=\skip59
)
("C:\Users\Jason D. Bakos\AppData\Local\Programs\MiKTeX 2.9\tex/latex/lipsum\li
psum.sty"
("C:\Users\Jason D. Bakos\AppData\Local\Programs\MiKTeX 2.9\tex/latex/l3kernel\
expl3.sty"
Package: expl3 2019-05-28 L3 programming layer (loader) 

("C:\Users\Jason D. Bakos\AppData\Local\Programs\MiKTeX 2.9\tex/latex/l3kernel\
expl3-code.tex"
Package: expl3 2019-05-28 L3 programming layer (code)
\c_max_int=\count162
\l_tmpa_int=\count163
\l_tmpb_int=\count164
\g_tmpa_int=\count165
\g_tmpb_int=\count166
\g__kernel_prg_map_int=\count167
\c__ior_term_ior=\count168
\c_log_iow=\count169
\l_iow_line_count_int=\count170
\l__iow_line_target_int=\count171
\l__iow_one_indent_int=\count172
\l__iow_indent_int=\count173
\c_zero_dim=\dimen302
\c_max_dim=\dimen303
\l_tmpa_dim=\dimen304
\l_tmpb_dim=\dimen305
\g_tmpa_dim=\dimen306
\g_tmpb_dim=\dimen307
\c_zero_skip=\skip60
\c_max_skip=\skip61
\l_tmpa_skip=\skip62
\l_tmpb_skip=\skip63
\g_tmpa_skip=\skip64
\g_tmpb_skip=\skip65
\c_zero_muskip=\muskip11
\c_max_muskip=\muskip12
\l_tmpa_muskip=\muskip13
\l_tmpb_muskip=\muskip14
\g_tmpa_muskip=\muskip15
\g_tmpb_muskip=\muskip16
\l_keys_choice_int=\count174
\l__intarray_loop_int=\count175
\c__intarray_sp_dim=\dimen308
\g__intarray_font_int=\count176
\c__fp_leading_shift_int=\count177
\c__fp_middle_shift_int=\count178
\c__fp_trailing_shift_int=\count179
\c__fp_big_leading_shift_int=\count180
\c__fp_big_middle_shift_int=\count181
\c__fp_big_trailing_shift_int=\count182
\c__fp_Bigg_leading_shift_int=\count183
\c__fp_Bigg_middle_shift_int=\count184
\c__fp_Bigg_trailing_shift_int=\count185
\c__kernel_randint_max_int=\count186
\g__fp_array_int=\count187
\l__fp_array_loop_int=\count188
\l__sort_length_int=\count189
\l__sort_min_int=\count190
\l__sort_top_int=\count191
\l__sort_max_int=\count192
\l__sort_true_max_int=\count193
\l__sort_block_int=\count194
\l__sort_begin_int=\count195
\l__sort_end_int=\count196
\l__sort_A_int=\count197
\l__sort_B_int=\count198
\l__sort_C_int=\count199
\l__tl_analysis_normal_int=\count266
\l__tl_analysis_index_int=\count267
\l__tl_analysis_nesting_int=\count268
\l__tl_analysis_type_int=\count269
\l__regex_internal_a_int=\count270
\l__regex_internal_b_int=\count271
\l__regex_internal_c_int=\count272
\l__regex_balance_int=\count273
\l__regex_group_level_int=\count274
\l__regex_mode_int=\count275
\c__regex_cs_in_class_mode_int=\count276
\c__regex_cs_mode_int=\count277
\l__regex_catcodes_int=\count278
\l__regex_default_catcodes_int=\count279
\c__regex_catcode_D_int=\count280
\c__regex_catcode_S_int=\count281
\c__regex_catcode_L_int=\count282
\c__regex_catcode_O_int=\count283
\c__regex_catcode_A_int=\count284
\c__regex_all_catcodes_int=\count285
\l__regex_show_lines_int=\count286
\l__regex_min_state_int=\count287
\l__regex_max_state_int=\count288
\l__regex_left_state_int=\count289
\l__regex_right_state_int=\count290
\l__regex_capturing_group_int=\count291
\l__regex_min_pos_int=\count292
\l__regex_max_pos_int=\count293
\l__regex_curr_pos_int=\count294
\l__regex_start_pos_int=\count295
\l__regex_success_pos_int=\count296
\l__regex_curr_char_int=\count297
\l__regex_curr_catcode_int=\count298
\l__regex_last_char_int=\count299
\l__regex_case_changed_char_int=\count300
\l__regex_curr_state_int=\count301
\l__regex_step_int=\count302
\l__regex_min_active_int=\count303
\l__regex_max_active_int=\count304
\l__regex_replacement_csnames_int=\count305
\l__regex_match_count_int=\count306
\l__regex_min_submatch_int=\count307
\l__regex_submatch_int=\count308
\l__regex_zeroth_submatch_int=\count309
\g__regex_trace_regex_int=\count310
\c_empty_box=\box75
\l_tmpa_box=\box76
\l_tmpb_box=\box77
\g_tmpa_box=\box78
\g_tmpb_box=\box79
\l__box_top_dim=\dimen309
\l__box_bottom_dim=\dimen310
\l__box_left_dim=\dimen311
\l__box_right_dim=\dimen312
\l__box_top_new_dim=\dimen313
\l__box_bottom_new_dim=\dimen314
\l__box_left_new_dim=\dimen315
\l__box_right_new_dim=\dimen316
\l__box_internal_box=\box80
\l__coffin_internal_box=\box81
\l__coffin_internal_dim=\dimen317
\l__coffin_offset_x_dim=\dimen318
\l__coffin_offset_y_dim=\dimen319
\l__coffin_x_dim=\dimen320
\l__coffin_y_dim=\dimen321
\l__coffin_x_prime_dim=\dimen322
\l__coffin_y_prime_dim=\dimen323
\c_empty_coffin=\box82
\l__coffin_aligned_coffin=\box83
\l__coffin_aligned_internal_coffin=\box84
\l_tmpa_coffin=\box85
\l_tmpb_coffin=\box86
\g_tmpa_coffin=\box87
\g_tmpb_coffin=\box88
\l__coffin_bounding_shift_dim=\dimen324
\l__coffin_left_corner_dim=\dimen325
\l__coffin_right_corner_dim=\dimen326
\l__coffin_bottom_corner_dim=\dimen327
\l__coffin_top_corner_dim=\dimen328
\l__coffin_scaled_total_height_dim=\dimen329
\l__coffin_scaled_width_dim=\dimen330
\c__coffin_empty_coffin=\box89
\l__coffin_display_coffin=\box90
\l__coffin_display_coord_coffin=\box91
\l__coffin_display_pole_coffin=\box92
\l__coffin_display_offset_dim=\dimen331
\l__coffin_display_x_dim=\dimen332
\l__coffin_display_y_dim=\dimen333
\g__file_internal_ior=\read2
\l__seq_internal_a_int=\count311
\l__seq_internal_b_int=\count312
\c__deprecation_minus_one=\count313
)
("C:\Users\Jason D. Bakos\AppData\Local\Programs\MiKTeX 2.9\tex/latex/l3kernel\
l3pdfmode.def"
File: l3pdfmode.def 2019-04-06 v L3 Experimental driver: PDF mode
\l__driver_internal_box=\box93
\l__driver_color_stack_int=\count314
))
("C:\Users\Jason D. Bakos\AppData\Local\Programs\MiKTeX 2.9\tex/latex/l3package
s/xparse\xparse.sty"
Package: xparse 2019-05-28 L3 Experimental document command parser
\l__xparse_current_arg_int=\count315
\g__xparse_grabber_int=\count316
\l__xparse_m_args_int=\count317
\l__xparse_v_nesting_int=\count318
)
Package: lipsum 2019/01/02 v2.2 150 paragraphs of Lorem Ipsum dummy text

("C:\Users\Jason D. Bakos\AppData\Local\Programs\MiKTeX 2.9\tex/latex/lipsum\li
psum.ltd.tex"
File: lipsum.ltd.tex 2019/01/02 v2.2 The Lorem ipsum dummy text
))
("C:\Users\Jason D. Bakos\AppData\Local\Programs\MiKTeX 2.9\tex/latex/oberdiek\
zref.sty"
Package: zref 2018/11/21 v2.27 A new reference scheme for LaTeX (HO)

("C:\Users\Jason D. Bakos\AppData\Local\Programs\MiKTeX 2.9\tex/latex/oberdiek\
zref-base.sty"
Package: zref-base 2018/11/21 v2.27 Module base for zref (HO)
Package zref Info: New property list: main on input line 759.
Package zref Info: New property: default on input line 760.
Package zref Info: New property: page on input line 761.
))
("C:\Users\Jason D. Bakos\AppData\Local\Programs\MiKTeX 2.9\tex/latex/oberdiek\
zref-lastpage.sty"
Package: zref-lastpage 2018/11/21 v2.27 Module lastpage for zref (HO)

("C:\Users\Jason D. Bakos\AppData\Local\Programs\MiKTeX 2.9\tex/latex/oberdiek\
zref-abspage.sty"
Package: zref-abspage 2018/11/21 v2.27 Module abspage for zref (HO)
\c@abspage=\count319
Package zref Info: New property: abspage on input line 62.
)
Package zref Info: New property list: LastPage on input line 55.
)
("C:\Users\Jason D. Bakos\AppData\Local\Programs\MiKTeX 2.9\tex/latex/oberdiek\
zref-user.sty"
Package: zref-user 2018/11/21 v2.27 Module user for zref (HO)
)
("C:\Users\Jason D. Bakos\AppData\Local\Programs\MiKTeX 2.9\tex/latex/base\make
idx.sty"
Package: makeidx 2014/09/29 v1.0m Standard LaTeX package
)
("C:\Users\Jason D. Bakos\AppData\Local\Programs\MiKTeX 2.9\tex/latex/tools\enu
merate.sty"
Package: enumerate 2015/07/23 v3.00 enumerate extensions (DPC)
\@enLab=\toks43
)
("C:\Users\Jason D. Bakos\AppData\Local\Programs\MiKTeX 2.9\tex/latex/base\text
comp.sty"
Package: textcomp 2018/08/11 v2.0j Standard LaTeX package
Package textcomp Info: Sub-encoding information:
(textcomp)               5 = only ISO-Adobe without \textcurrency
(textcomp)               4 = 5 + \texteuro
(textcomp)               3 = 4 + \textohm
(textcomp)               2 = 3 + \textestimated + \textcurrency
(textcomp)               1 = TS1 - \textcircled - \t
(textcomp)               0 = TS1 (full)
(textcomp)             Font families with sub-encoding setting implement
(textcomp)             only a restricted character set as indicated.
(textcomp)             Family '?' is the default used for unknown fonts.
(textcomp)             See the documentation for details.
Package textcomp Info: Setting ? sub-encoding to TS1/1 on input line 79.

("C:\Users\Jason D. Bakos\AppData\Local\Programs\MiKTeX 2.9\tex/latex/base\ts1e
nc.def"
File: ts1enc.def 2001/06/05 v3.0e (jk/car/fm) Standard LaTeX file
Now handling font encoding TS1 ...
... processing UTF-8 mapping file for font encoding TS1

("C:\Users\Jason D. Bakos\AppData\Local\Programs\MiKTeX 2.9\tex/latex/base\ts1e
nc.dfu"
File: ts1enc.dfu 2018/10/05 v1.2f UTF-8 support for inputenc
   defining Unicode char U+00A2 (decimal 162)
   defining Unicode char U+00A3 (decimal 163)
   defining Unicode char U+00A4 (decimal 164)
   defining Unicode char U+00A5 (decimal 165)
   defining Unicode char U+00A6 (decimal 166)
   defining Unicode char U+00A7 (decimal 167)
   defining Unicode char U+00A8 (decimal 168)
   defining Unicode char U+00A9 (decimal 169)
   defining Unicode char U+00AA (decimal 170)
   defining Unicode char U+00AC (decimal 172)
   defining Unicode char U+00AE (decimal 174)
   defining Unicode char U+00AF (decimal 175)
   defining Unicode char U+00B0 (decimal 176)
   defining Unicode char U+00B1 (decimal 177)
   defining Unicode char U+00B2 (decimal 178)
   defining Unicode char U+00B3 (decimal 179)
   defining Unicode char U+00B4 (decimal 180)
   defining Unicode char U+00B5 (decimal 181)
   defining Unicode char U+00B6 (decimal 182)
   defining Unicode char U+00B7 (decimal 183)
   defining Unicode char U+00B9 (decimal 185)
   defining Unicode char U+00BA (decimal 186)
   defining Unicode char U+00BC (decimal 188)
   defining Unicode char U+00BD (decimal 189)
   defining Unicode char U+00BE (decimal 190)
   defining Unicode char U+00D7 (decimal 215)
   defining Unicode char U+00F7 (decimal 247)
   defining Unicode char U+0192 (decimal 402)
   defining Unicode char U+02C7 (decimal 711)
   defining Unicode char U+02D8 (decimal 728)
   defining Unicode char U+02DD (decimal 733)
   defining Unicode char U+0E3F (decimal 3647)
   defining Unicode char U+2016 (decimal 8214)
   defining Unicode char U+2020 (decimal 8224)
   defining Unicode char U+2021 (decimal 8225)
   defining Unicode char U+2022 (decimal 8226)
   defining Unicode char U+2030 (decimal 8240)
   defining Unicode char U+2031 (decimal 8241)
   defining Unicode char U+203B (decimal 8251)
   defining Unicode char U+203D (decimal 8253)
   defining Unicode char U+2044 (decimal 8260)
   defining Unicode char U+204E (decimal 8270)
   defining Unicode char U+2052 (decimal 8274)
   defining Unicode char U+20A1 (decimal 8353)
   defining Unicode char U+20A4 (decimal 8356)
   defining Unicode char U+20A6 (decimal 8358)
   defining Unicode char U+20A9 (decimal 8361)
   defining Unicode char U+20AB (decimal 8363)
   defining Unicode char U+20AC (decimal 8364)
   defining Unicode char U+20B1 (decimal 8369)
   defining Unicode char U+2103 (decimal 8451)
   defining Unicode char U+2116 (decimal 8470)
   defining Unicode char U+2117 (decimal 8471)
   defining Unicode char U+211E (decimal 8478)
   defining Unicode char U+2120 (decimal 8480)
   defining Unicode char U+2122 (decimal 8482)
   defining Unicode char U+2126 (decimal 8486)
   defining Unicode char U+2127 (decimal 8487)
   defining Unicode char U+212E (decimal 8494)
   defining Unicode char U+2190 (decimal 8592)
   defining Unicode char U+2191 (decimal 8593)
   defining Unicode char U+2192 (decimal 8594)
   defining Unicode char U+2193 (decimal 8595)
   defining Unicode char U+2329 (decimal 9001)
   defining Unicode char U+232A (decimal 9002)
   defining Unicode char U+2422 (decimal 9250)
   defining Unicode char U+25E6 (decimal 9702)
   defining Unicode char U+25EF (decimal 9711)
   defining Unicode char U+266A (decimal 9834)
   defining Unicode char U+FEFF (decimal 65279)
))
LaTeX Info: Redefining \oldstylenums on input line 334.
Package textcomp Info: Setting cmr sub-encoding to TS1/0 on input line 349.
Package textcomp Info: Setting cmss sub-encoding to TS1/0 on input line 350.
Package textcomp Info: Setting cmtt sub-encoding to TS1/0 on input line 351.
Package textcomp Info: Setting cmvtt sub-encoding to TS1/0 on input line 352.
Package textcomp Info: Setting cmbr sub-encoding to TS1/0 on input line 353.
Package textcomp Info: Setting cmtl sub-encoding to TS1/0 on input line 354.
Package textcomp Info: Setting ccr sub-encoding to TS1/0 on input line 355.
Package textcomp Info: Setting ptm sub-encoding to TS1/4 on input line 356.
Package textcomp Info: Setting pcr sub-encoding to TS1/4 on input line 357.
Package textcomp Info: Setting phv sub-encoding to TS1/4 on input line 358.
Package textcomp Info: Setting ppl sub-encoding to TS1/3 on input line 359.
Package textcomp Info: Setting pag sub-encoding to TS1/4 on input line 360.
Package textcomp Info: Setting pbk sub-encoding to TS1/4 on input line 361.
Package textcomp Info: Setting pnc sub-encoding to TS1/4 on input line 362.
Package textcomp Info: Setting pzc sub-encoding to TS1/4 on input line 363.
Package textcomp Info: Setting bch sub-encoding to TS1/4 on input line 364.
Package textcomp Info: Setting put sub-encoding to TS1/5 on input line 365.
Package textcomp Info: Setting uag sub-encoding to TS1/5 on input line 366.
Package textcomp Info: Setting ugq sub-encoding to TS1/5 on input line 367.
Package textcomp Info: Setting ul8 sub-encoding to TS1/4 on input line 368.
Package textcomp Info: Setting ul9 sub-encoding to TS1/4 on input line 369.
Package textcomp Info: Setting augie sub-encoding to TS1/5 on input line 370.
Package textcomp Info: Setting dayrom sub-encoding to TS1/3 on input line 371.
Package textcomp Info: Setting dayroms sub-encoding to TS1/3 on input line 372.

Package textcomp Info: Setting pxr sub-encoding to TS1/0 on input line 373.
Package textcomp Info: Setting pxss sub-encoding to TS1/0 on input line 374.
Package textcomp Info: Setting pxtt sub-encoding to TS1/0 on input line 375.
Package textcomp Info: Setting txr sub-encoding to TS1/0 on input line 376.
Package textcomp Info: Setting txss sub-encoding to TS1/0 on input line 377.
Package textcomp Info: Setting txtt sub-encoding to TS1/0 on input line 378.
Package textcomp Info: Setting lmr sub-encoding to TS1/0 on input line 379.
Package textcomp Info: Setting lmdh sub-encoding to TS1/0 on input line 380.
Package textcomp Info: Setting lmss sub-encoding to TS1/0 on input line 381.
Package textcomp Info: Setting lmssq sub-encoding to TS1/0 on input line 382.
Package textcomp Info: Setting lmvtt sub-encoding to TS1/0 on input line 383.
Package textcomp Info: Setting lmtt sub-encoding to TS1/0 on input line 384.
Package textcomp Info: Setting qhv sub-encoding to TS1/0 on input line 385.
Package textcomp Info: Setting qag sub-encoding to TS1/0 on input line 386.
Package textcomp Info: Setting qbk sub-encoding to TS1/0 on input line 387.
Package textcomp Info: Setting qcr sub-encoding to TS1/0 on input line 388.
Package textcomp Info: Setting qcs sub-encoding to TS1/0 on input line 389.
Package textcomp Info: Setting qpl sub-encoding to TS1/0 on input line 390.
Package textcomp Info: Setting qtm sub-encoding to TS1/0 on input line 391.
Package textcomp Info: Setting qzc sub-encoding to TS1/0 on input line 392.
Package textcomp Info: Setting qhvc sub-encoding to TS1/0 on input line 393.
Package textcomp Info: Setting futs sub-encoding to TS1/4 on input line 394.
Package textcomp Info: Setting futx sub-encoding to TS1/4 on input line 395.
Package textcomp Info: Setting futj sub-encoding to TS1/4 on input line 396.
Package textcomp Info: Setting hlh sub-encoding to TS1/3 on input line 397.
Package textcomp Info: Setting hls sub-encoding to TS1/3 on input line 398.
Package textcomp Info: Setting hlst sub-encoding to TS1/3 on input line 399.
Package textcomp Info: Setting hlct sub-encoding to TS1/5 on input line 400.
Package textcomp Info: Setting hlx sub-encoding to TS1/5 on input line 401.
Package textcomp Info: Setting hlce sub-encoding to TS1/5 on input line 402.
Package textcomp Info: Setting hlcn sub-encoding to TS1/5 on input line 403.
Package textcomp Info: Setting hlcw sub-encoding to TS1/5 on input line 404.
Package textcomp Info: Setting hlcf sub-encoding to TS1/5 on input line 405.
Package textcomp Info: Setting pplx sub-encoding to TS1/3 on input line 406.
Package textcomp Info: Setting pplj sub-encoding to TS1/3 on input line 407.
Package textcomp Info: Setting ptmx sub-encoding to TS1/4 on input line 408.
Package textcomp Info: Setting ptmj sub-encoding to TS1/4 on input line 409.
)
("C:\Users\Jason D. Bakos\AppData\Local\Programs\MiKTeX 2.9\tex/latex/amsfonts\
amssymb.sty"
Package: amssymb 2013/01/14 v3.01 AMS font symbols

("C:\Users\Jason D. Bakos\AppData\Local\Programs\MiKTeX 2.9\tex/latex/amsfonts\
amsfonts.sty"
Package: amsfonts 2013/01/14 v3.01 Basic AMSFonts support
\@emptytoks=\toks44
\symAMSa=\mathgroup5
\symAMSb=\mathgroup6
LaTeX Font Info:    Overwriting math alphabet `\mathfrak' in version `bold'
(Font)                  U/euf/m/n --> U/euf/b/n on input line 106.
))
("C:\Users\Jason D. Bakos\AppData\Local\Programs\MiKTeX 2.9\tex/latex/esdiff\es
diff.sty"
Package: esdiff 
)
("C:\Users\Jason D. Bakos\AppData\Local\Programs\MiKTeX 2.9\tex/latex/xstring\x
string.sty"
("C:\Users\Jason D. Bakos\AppData\Local\Programs\MiKTeX 2.9\tex/generic/xstring
\xstring.tex"
\integerpart=\count320
\decimalpart=\count321
)
Package: xstring 2019/02/06 v1.83 String manipulations (CT)
)
("C:\Users\Jason D. Bakos\AppData\Local\Programs\MiKTeX 2.9\tex/latex/changepag
e\changepage.sty"
Package: changepage 2009/10/20 v1.0c check page and change page layout
\c@cp@cntr=\count322
\cp@tempcnt=\count323
LaTeX Info: Redefining \checkoddpage on input line 59.
)
("C:\Users\Jason D. Bakos\AppData\Local\Programs\MiKTeX 2.9\tex/latex/xifthen\x
ifthen.sty"
Package: xifthen 2015/11/05 v1.4.0 Extended ifthen features

("C:\Users\Jason D. Bakos\AppData\Local\Programs\MiKTeX 2.9\tex/latex/ifmtarg\i
fmtarg.sty"
Package: ifmtarg 2018/04/16 v1.2b check for an empty argument
))
("C:\Users\Jason D. Bakos\AppData\Local\Programs\MiKTeX 2.9\tex/latex/algorithm
2e\algorithm2e.sty"
Package: algorithm2e 2017/07/18 v5.2 algorithms environments
\c@AlgoLine=\count324
\algocf@hangindent=\skip66

("C:\Users\Jason D. Bakos\AppData\Local\Programs\MiKTeX 2.9\tex/latex/tools\xsp
ace.sty"
Package: xspace 2014/10/28 v1.13 Space after command names (DPC,MH)
)
("C:\Users\Jason D. Bakos\AppData\Local\Programs\MiKTeX 2.9\tex/latex/relsize\r
elsize.sty"
Package: relsize 2013/03/29 ver 4.1
)
\skiptotal=\skip67
\skiplinenumber=\skip68
\skiprule=\skip69
\skiphlne=\skip70
\skiptext=\skip71
\skiplength=\skip72
\algomargin=\skip73
\skipalgocfslide=\skip74
\algowidth=\dimen334
\inoutsize=\dimen335
\inoutindent=\dimen336
\interspacetitleruled=\dimen337
\interspacealgoruled=\dimen338
\interspacetitleboxruled=\dimen339
\algocf@ruledwidth=\skip75
\algocf@inoutbox=\box94
\algocf@inputbox=\box95
\AlCapSkip=\skip76
\AlCapHSkip=\skip77
\algoskipindent=\skip78
\algocf@nlbox=\box96
\algocf@hangingbox=\box97
\algocf@untilbox=\box98
\algocf@skipuntil=\skip79
\algocf@capbox=\box99
\algocf@lcaptionbox=\skip80
\algoheightruledefault=\skip81
\algoheightrule=\skip82
\algotitleheightruledefault=\skip83
\algotitleheightrule=\skip84
\c@algocfline=\count325
\c@algocfproc=\count326
\c@algocf=\count327
\algocf@algoframe=\box100
\algocf@algobox=\box101
)
("C:\Users\Jason D. Bakos\AppData\Local\Programs\MiKTeX 2.9\tex/latex/wrapfig\w
rapfig.sty"
\wrapoverhang=\dimen340
\WF@size=\dimen341
\c@WF@wrappedlines=\count328
\WF@box=\box102
\WF@everypar=\toks45
Package: wrapfig 2003/01/31  v 3.6
)
("C:\Users\Jason D. Bakos\AppData\Local\Programs\MiKTeX 2.9\tex/latex/amscls\am
sthm.sty"
Package: amsthm 2017/10/31 v2.20.4
\thm@style=\toks46
\thm@bodyfont=\toks47
\thm@headfont=\toks48
\thm@notefont=\toks49
\thm@headpunct=\toks50
\thm@preskip=\skip85
\thm@postskip=\skip86
\thm@headsep=\skip87
\dth@everypar=\toks51
)
("C:\Users\Jason D. Bakos\AppData\Local\Programs\MiKTeX 2.9\tex/latex/menukeys\
menukeys.sty"
Package: menukeys 2016/08/08 v1.5 -- A package to format menus, paths and short
cuts

("C:\Users\Jason D. Bakos\AppData\Local\Programs\MiKTeX 2.9\tex/latex/etoolbox\
etoolbox.sty"
Package: etoolbox 2018/08/19 v2.5f e-TeX tools for LaTeX (JAW)
\etb@tempcnta=\count329
)
("C:\Users\Jason D. Bakos\AppData\Local\Programs\MiKTeX 2.9\tex/generic/pgf/fro
ntendlayer/tikz/libraries\tikzlibraryshapes.symbols.code.tex"
File: tikzlibraryshapes.symbols.code.tex 2019/05/09 v3.1.3 (3.1.3)

("C:\Users\Jason D. Bakos\AppData\Local\Programs\MiKTeX 2.9\tex/generic/pgf/lib
raries/shapes\pgflibraryshapes.symbols.code.tex"
File: pgflibraryshapes.symbols.code.tex 2019/05/09 v3.1.3 (3.1.3)
))
("C:\Users\Jason D. Bakos\AppData\Local\Programs\MiKTeX 2.9\tex/generic/pgf/fro
ntendlayer/tikz/libraries\tikzlibraryshadows.code.tex"
File: tikzlibraryshadows.code.tex 2019/05/09 v3.1.3 (3.1.3)

("C:\Users\Jason D. Bakos\AppData\Local\Programs\MiKTeX 2.9\tex/generic/pgf/fro
ntendlayer/tikz/libraries\tikzlibraryfadings.code.tex"
File: tikzlibraryfadings.code.tex 2019/05/09 v3.1.3 (3.1.3)

("C:\Users\Jason D. Bakos\AppData\Local\Programs\MiKTeX 2.9\tex/generic/pgf/lib
raries\pgflibraryfadings.code.tex"
File: pgflibraryfadings.code.tex 2019/05/09 v3.1.3 (3.1.3)
)))
("C:\Users\Jason D. Bakos\AppData\Local\Programs\MiKTeX 2.9\tex/latex/catoption
s\catoptions.sty"
\m@one=\count330
\z@pt=\dimen342
Package: catoptions 2014/08/29 v0.2.7h Securing catcodes and parsing options (A
M)
\cpt@csvdepth=\count331
\cpt@optdepth=\count332
\cpt@cnta=\count333
\indrisdepth=\count334
\cpt@foreachdepth=\count335
\cpt@exprcnt=\count336
)
\c@tw@hyphen@char@num=\count337
)
("C:\Users\Jason D. Bakos\AppData\Local\Programs\MiKTeX 2.9\tex/latex/marginnot
e\marginnote.sty"
Package: marginnote 2018/08/09 v1.4b non floating margin notes for LaTeX
\c@mn@abspage=\count338
)
("C:\Users\Jason D. Bakos\AppData\Local\Programs\MiKTeX 2.9\tex/latex/datatool\
datatool.sty"
Package: datatool 2019/09/27 v2.32 (NLCT)

("C:\Users\Jason D. Bakos\AppData\Local\Programs\MiKTeX 2.9\tex/latex/xfor\xfor
.sty"
Package: xfor 2009/02/05 v1.05 (NLCT)
)
("C:\Users\Jason D. Bakos\AppData\Local\Programs\MiKTeX 2.9\tex/latex/substr\su
bstr.sty"
Package: substr 2009/10/20 v1.2 Handle substrings
\c@su@anzahl=\count339
)
("C:\Users\Jason D. Bakos\AppData\Local\Programs\MiKTeX 2.9\tex/latex/datatool\
datatool-base.sty"
Package: datatool-base 2019/09/27 v2.32 (NLCT)

("C:\Users\Jason D. Bakos\AppData\Local\Programs\MiKTeX 2.9\tex/latex/amsmath\a
msmath.sty"
Package: amsmath 2018/12/01 v2.17b AMS math features
\@mathmargin=\skip88

For additional information on amsmath, use the `?' option.

("C:\Users\Jason D. Bakos\AppData\Local\Programs\MiKTeX 2.9\tex/latex/amsmath\a
mstext.sty"
Package: amstext 2000/06/29 v2.01 AMS text

("C:\Users\Jason D. Bakos\AppData\Local\Programs\MiKTeX 2.9\tex/latex/amsmath\a
msgen.sty"
File: amsgen.sty 1999/11/30 v2.0 generic functions
\@emptytoks=\toks52
\ex@=\dimen343
))
("C:\Users\Jason D. Bakos\AppData\Local\Programs\MiKTeX 2.9\tex/latex/amsmath\a
msbsy.sty"
Package: amsbsy 1999/11/29 v1.2d Bold Symbols
\pmbraise@=\dimen344
)
("C:\Users\Jason D. Bakos\AppData\Local\Programs\MiKTeX 2.9\tex/latex/amsmath\a
msopn.sty"
Package: amsopn 2016/03/08 v2.02 operator names
)
\inf@bad=\count340
LaTeX Info: Redefining \frac on input line 223.
\uproot@=\count341
\leftroot@=\count342
LaTeX Info: Redefining \overline on input line 385.
\classnum@=\count343
\DOTSCASE@=\count344
LaTeX Info: Redefining \ldots on input line 482.
LaTeX Info: Redefining \dots on input line 485.
LaTeX Info: Redefining \cdots on input line 606.
\Mathstrutbox@=\box103
\strutbox@=\box104
\big@size=\dimen345
LaTeX Font Info:    Redeclaring font encoding OML on input line 729.
LaTeX Font Info:    Redeclaring font encoding OMS on input line 730.
\macc@depth=\count345
\c@MaxMatrixCols=\count346
\dotsspace@=\muskip17
\c@parentequation=\count347
\dspbrk@lvl=\count348
\tag@help=\toks53
\row@=\count349
\column@=\count350
\maxfields@=\count351
\andhelp@=\toks54
\eqnshift@=\dimen346
\alignsep@=\dimen347
\tagshift@=\dimen348
\tagwidth@=\dimen349
\totwidth@=\dimen350
\lineht@=\dimen351
\@envbody=\toks55
\multlinegap=\skip89
\multlinetaggap=\skip90
\mathdisplay@stack=\toks56
LaTeX Info: Redefining \[ on input line 2844.
LaTeX Info: Redefining \] on input line 2845.
)
("C:\Users\Jason D. Bakos\AppData\Local\Programs\MiKTeX 2.9\tex/latex/datatool\
datatool-fp.sty"
Package: datatool-fp 2019/09/27 v2.32 (NLCT)

("C:\Users\Jason D. Bakos\AppData\Local\Programs\MiKTeX 2.9\tex/latex/fp\fp.sty
"
Package: fp 1995/04/02
 `Fixed Point Package', Version 0.8, April 2, 1995 (C) Michael Mehlich
("C:\Users\Jason D. Bakos\AppData\Local\Programs\MiKTeX 2.9\tex/latex/fp\defpat
tern.sty"
Package: defpattern 1994/10/12
\actioncount=\count352
)
("C:\Users\Jason D. Bakos\AppData\Local\Programs\MiKTeX 2.9\tex/latex/fp\fp-bas
ic.sty"
Package: fp-basic 1996/05/13
\FP@xs=\count353
\FP@xia=\count354
\FP@xib=\count355
\FP@xfa=\count356
\FP@xfb=\count357
\FP@rega=\count358
\FP@regb=\count359
\FP@regs=\count360
\FP@times=\count361
)
("C:\Users\Jason D. Bakos\AppData\Local\Programs\MiKTeX 2.9\tex/latex/fp\fp-add
ons.sty"
Package: fp-addons 1995/03/15
)
("C:\Users\Jason D. Bakos\AppData\Local\Programs\MiKTeX 2.9\tex/latex/fp\fp-sna
p.sty"
Package: fp-snap 1995/04/05
)
("C:\Users\Jason D. Bakos\AppData\Local\Programs\MiKTeX 2.9\tex/latex/fp\fp-exp
.sty"
Package: fp-exp 1995/04/03
)
("C:\Users\Jason D. Bakos\AppData\Local\Programs\MiKTeX 2.9\tex/latex/fp\fp-tri
go.sty"
Package: fp-trigo 1995/04/14
)
("C:\Users\Jason D. Bakos\AppData\Local\Programs\MiKTeX 2.9\tex/latex/fp\fp-pas
.sty"
Package: fp-pas 1994/08/29
)
("C:\Users\Jason D. Bakos\AppData\Local\Programs\MiKTeX 2.9\tex/latex/fp\fp-ran
dom.sty"
Package: fp-random 1995/02/23
\FPseed=\count362
)
("C:\Users\Jason D. Bakos\AppData\Local\Programs\MiKTeX 2.9\tex/latex/fp\fp-eqn
.sty"
Package: fp-eqn 1995/04/03
)
("C:\Users\Jason D. Bakos\AppData\Local\Programs\MiKTeX 2.9\tex/latex/fp\fp-upn
.sty"
Package: fp-upn 1996/10/21
)
("C:\Users\Jason D. Bakos\AppData\Local\Programs\MiKTeX 2.9\tex/latex/fp\fp-eva
l.sty"
Package: fp-eval 1995/04/03
)))
\@dtl@toks=\toks57
\@dtl@tmpcount=\count363
\dtl@tmplength=\skip91
\dtl@sortresult=\count364
\@dtl@numgrpsepcount=\count365
\@dtl@datatype=\count366
\dtl@codeA=\count367
\dtl@codeB=\count368
\@dtl@foreach@level=\count369
)
\dtlcolumnnum=\count370
\dtlrownum=\count371
\@dtl@before=\toks58
\@dtl@after=\toks59
\@dtl@colhead=\toks60
\dtlcurrentrow=\toks61
\dtlbeforerow=\toks62
\dtlafterrow=\toks63
\dtlforeachlevel=\count372
\c@DTLrowi=\count373
\c@DTLrowii=\count374
\c@DTLrowiii=\count375
\c@DTLrow=\count376
\dtl@rowi=\count377
\dtl@rowii=\count378
\dtl@rowiii=\count379
\@dtl@curi=\toks64
\@dtl@previ=\toks65
\@dtl@nexti=\toks66
\@dtl@curii=\toks67
\@dtl@previi=\toks68
\@dtl@nextii=\toks69
\@dtl@curiii=\toks70
\@dtl@previii=\toks71
\@dtl@nextiii=\toks72
\@dtl@elements=\count380
\@dtl@list=\toks73
\@dtl@rowa=\toks74
\@dtl@rowb=\toks75
\@dtl@toksA=\toks76
\@dtl@toksB=\toks77
\@dtl@write=\write4
\@dtl@read=\read3
\dtl@entrycr=\count381
\dtl@omitlines=\count382
)
("C:\Users\Jason D. Bakos\AppData\Local\Programs\MiKTeX 2.9\tex/latex/paralist\
paralist.sty"
Package: paralist 2017/01/22 v2.7 Extended list environments
\pltopsep=\skip92
\plpartopsep=\skip93
\plitemsep=\skip94
\plparsep=\skip95
\pl@lab=\toks78
)
\@float@every@figure=\toks79

("C:\Users\Jason D. Bakos\AppData\Local\Programs\MiKTeX 2.9\tex/generic/pgf/fro
ntendlayer/tikz/libraries\tikzlibraryshapes.code.tex"
File: tikzlibraryshapes.code.tex 2019/05/09 v3.1.3 (3.1.3)

("C:\Users\Jason D. Bakos\AppData\Local\Programs\MiKTeX 2.9\tex/generic/pgf/fro
ntendlayer/tikz/libraries\tikzlibraryshapes.geometric.code.tex"
File: tikzlibraryshapes.geometric.code.tex 2019/05/09 v3.1.3 (3.1.3)

("C:\Users\Jason D. Bakos\AppData\Local\Programs\MiKTeX 2.9\tex/generic/pgf/lib
raries/shapes\pgflibraryshapes.geometric.code.tex"
File: pgflibraryshapes.geometric.code.tex 2019/05/09 v3.1.3 (3.1.3)
))
("C:\Users\Jason D. Bakos\AppData\Local\Programs\MiKTeX 2.9\tex/generic/pgf/fro
ntendlayer/tikz/libraries\tikzlibraryshapes.misc.code.tex"
File: tikzlibraryshapes.misc.code.tex 2019/05/09 v3.1.3 (3.1.3)

("C:\Users\Jason D. Bakos\AppData\Local\Programs\MiKTeX 2.9\tex/generic/pgf/lib
raries/shapes\pgflibraryshapes.misc.code.tex"
File: pgflibraryshapes.misc.code.tex 2019/05/09 v3.1.3 (3.1.3)
))
("C:\Users\Jason D. Bakos\AppData\Local\Programs\MiKTeX 2.9\tex/generic/pgf/fro
ntendlayer/tikz/libraries\tikzlibraryshapes.arrows.code.tex"
File: tikzlibraryshapes.arrows.code.tex 2019/05/09 v3.1.3 (3.1.3)

("C:\Users\Jason D. Bakos\AppData\Local\Programs\MiKTeX 2.9\tex/generic/pgf/lib
raries/shapes\pgflibraryshapes.arrows.code.tex"
File: pgflibraryshapes.arrows.code.tex 2019/05/09 v3.1.3 (3.1.3)
))
("C:\Users\Jason D. Bakos\AppData\Local\Programs\MiKTeX 2.9\tex/generic/pgf/fro
ntendlayer/tikz/libraries\tikzlibraryshapes.callouts.code.tex"
("C:\Users\Jason D. Bakos\AppData\Local\Programs\MiKTeX 2.9\tex/generic/pgf/lib
raries/shapes\pgflibraryshapes.callouts.code.tex"))
("C:\Users\Jason D. Bakos\AppData\Local\Programs\MiKTeX 2.9\tex/generic/pgf/fro
ntendlayer/tikz/libraries\tikzlibraryshapes.multipart.code.tex"
File: tikzlibraryshapes.multipart.code.tex 2019/05/09 v3.1.3 (3.1.3)

("C:\Users\Jason D. Bakos\AppData\Local\Programs\MiKTeX 2.9\tex/generic/pgf/lib
raries/shapes\pgflibraryshapes.multipart.code.tex"
File: pgflibraryshapes.multipart.code.tex 2019/05/09 v3.1.3 (3.1.3)
\pgfnodepartlowerbox=\box105
\pgfnodeparttwobox=\box106
\pgfnodepartthreebox=\box107
\pgfnodepartfourbox=\box108
\pgfnodeparttwentybox=\box109
\pgfnodepartnineteenbox=\box110
\pgfnodeparteighteenbox=\box111
\pgfnodepartseventeenbox=\box112
\pgfnodepartsixteenbox=\box113
\pgfnodepartfifteenbox=\box114
\pgfnodepartfourteenbox=\box115
\pgfnodepartthirteenbox=\box116
\pgfnodeparttwelvebox=\box117
\pgfnodepartelevenbox=\box118
\pgfnodeparttenbox=\box119
\pgfnodepartninebox=\box120
\pgfnodeparteightbox=\box121
\pgfnodepartsevenbox=\box122
\pgfnodepartsixbox=\box123
\pgfnodepartfivebox=\box124
)))
("C:\Users\Jason D. Bakos\AppData\Local\Programs\MiKTeX 2.9\tex/generic/pgf/fro
ntendlayer/tikz/libraries\tikzlibraryarrows.code.tex"
File: tikzlibraryarrows.code.tex 2019/05/09 v3.1.3 (3.1.3)

("C:\Users\Jason D. Bakos\AppData\Local\Programs\MiKTeX 2.9\tex/generic/pgf/lib
raries\pgflibraryarrows.code.tex"
File: pgflibraryarrows.code.tex 2019/05/09 v3.1.3 (3.1.3)
\arrowsize=\dimen352
))
("C:\Users\Jason D. Bakos\AppData\Local\Programs\MiKTeX 2.9\tex/latex/upquote\u
pquote.sty"
Package: upquote 2012/04/19 v1.3 upright-quote and grave-accent glyphs in verba
tim
))
("C:\Users\Jason D. Bakos\AppData\Local\Programs\MiKTeX 2.9\tex/latex/tikz-timi
ng\tikz-timing.sty"
Package: tikz-timing 2017/12/20 v0.7f Digital Timing Diagrams using TikZ

("C:\Users\Jason D. Bakos\AppData\Local\Programs\MiKTeX 2.9\tex/generic/pgf/fro
ntendlayer/tikz/libraries\tikzlibrarybackgrounds.code.tex"
File: tikzlibrarybackgrounds.code.tex 2019/05/09 v3.1.3 (3.1.3)
\pgf@layerbox@background=\box125
\pgf@layerboxsaved@background=\box126
)
\tikztiming@numint=\count383
\tikztiming@numfrac=\count384
\tikztiming@xunit=\skip96
\tikztiming@yunit=\skip97
\tikztiming@debug=\count385
\c@tikztiming@nrows=\count386
\c@tikztimingrows=\count387
\c@tikztimingtrans=\count388
\c@tikztimingtranspos=\count389
)
("C:\Users\Jason D. Bakos\AppData\Local\Programs\MiKTeX 2.9\tex/latex/tikz-timi
ng\tikz-timing-clockarrows.sty"
Package: tikz-timing-clockarrows 2017/12/20 v0.7f tikz-timing library for timin
g clock arrows

("C:\Users\Jason D. Bakos\AppData\Local\Programs\MiKTeX 2.9\tex/latex/pgfopts\p
gfopts.sty"
Package: pgfopts 2014/07/10 v2.1a LaTeX package options with pgfkeys
\pgfopts@list@add@a@toks=\toks80
\pgfopts@list@add@b@toks=\toks81
)) (README.aux)
\openout1 = `README.aux'.

LaTeX Font Info:    Checking defaults for OML/cmm/m/it on input line 18.
LaTeX Font Info:    ... okay on input line 18.
LaTeX Font Info:    Checking defaults for T1/cmr/m/n on input line 18.
LaTeX Font Info:    ... okay on input line 18.
LaTeX Font Info:    Checking defaults for OT1/cmr/m/n on input line 18.
LaTeX Font Info:    ... okay on input line 18.
LaTeX Font Info:    Checking defaults for OMS/cmsy/m/n on input line 18.
LaTeX Font Info:    ... okay on input line 18.
LaTeX Font Info:    Checking defaults for OMX/cmex/m/n on input line 18.
LaTeX Font Info:    ... okay on input line 18.
LaTeX Font Info:    Checking defaults for U/cmr/m/n on input line 18.
LaTeX Font Info:    ... okay on input line 18.
LaTeX Font Info:    Checking defaults for PD1/pdf/m/n on input line 18.
LaTeX Font Info:    ... okay on input line 18.
LaTeX Font Info:    Checking defaults for TS1/cmr/m/n on input line 18.
LaTeX Font Info:    Try loading font information for TS1+cmr on input line 18.

("C:\Users\Jason D. Bakos\AppData\Local\Programs\MiKTeX 2.9\tex/latex/base\ts1c
mr.fd"
File: ts1cmr.fd 2014/09/29 v2.5h Standard LaTeX font definitions
)
LaTeX Font Info:    ... okay on input line 18.

*geometry* driver: auto-detecting
*geometry* detected driver: pdftex
*geometry* verbose mode - [ preamble ] result:
* driver: pdftex
* paper: <default>
* layout: <same size as paper>
* layoutoffset:(h,v)=(0.0pt,0.0pt)
* modes: 
* h-part:(L,W,R)=(56.9055pt, 500.484pt, 56.9055pt)
* v-part:(T,H,B)=(71.13188pt, 681.15898pt, 42.67912pt)
* \paperwidth=614.295pt
* \paperheight=794.96999pt
* \textwidth=500.484pt
* \textheight=681.15898pt
* \oddsidemargin=-15.36449pt
* \evensidemargin=-15.36449pt
* \topmargin=-38.1381pt
* \headheight=12.0pt
* \headsep=25.0pt
* \topskip=10.0pt
* \footskip=30.0pt
* \marginparwidth=65.0pt
* \marginparsep=11.0pt
* \columnsep=10.0pt
* \skip\footins=9.0pt plus 4.0pt minus 2.0pt
* \hoffset=0.0pt
* \voffset=0.0pt
* \mag=1000
* \@twocolumnfalse
* \@twosidefalse
* \@mparswitchfalse
* \@reversemarginfalse
* (1in=72.27pt=25.4mm, 1cm=28.453pt)

\AtBeginShipoutBox=\box127
Package hyperref Info: Link coloring OFF on input line 18.

("C:\Users\Jason D. Bakos\AppData\Local\Programs\MiKTeX 2.9\tex/latex/hyperref\
nameref.sty"
Package: nameref 2016/05/21 v2.44 Cross-referencing by name of section

("C:\Users\Jason D. Bakos\AppData\Local\Programs\MiKTeX 2.9\tex/generic/oberdie
k\gettitlestring.sty"
Package: gettitlestring 2016/05/16 v1.5 Cleanup title references (HO)
)
\c@section@level=\count390
)
LaTeX Info: Redefining \ref on input line 18.
LaTeX Info: Redefining \pageref on input line 18.
LaTeX Info: Redefining \nameref on input line 18.
 (README.out) (README.out)
\@outlinefile=\write5
\openout5 = `README.out'.

\c@lstlisting=\count391

("C:\Users\Jason D. Bakos\AppData\Local\Programs\MiKTeX 2.9\tex/context/base/mk
ii\supp-pdf.mkii"
[Loading MPS to PDF converter (version 2006.09.02).]
\scratchcounter=\count392
\scratchdimen=\dimen353
\scratchbox=\box128
\nofMPsegments=\count393
\nofMParguments=\count394
\everyMPshowfont=\toks82
\MPscratchCnt=\count395
\MPscratchDim=\dimen354
\MPnumerator=\count396
\makeMPintoPDFobject=\count397
\everyMPtoPDFconversion=\toks83
)
Package caption Info: Begin \AtBeginDocument code.
Package caption Info: wrapfig package is loaded.
Package caption Info: End \AtBeginDocument code.
 ABD: EveryShipout initializing macros
Package pgfplots notification 'compat/show suggested version=true': you might b
enefit from \pgfplotsset{compat=1.17} (current compat level: 1.13).


("C:\Users\Jason D. Bakos\AppData\Local\Programs\MiKTeX 2.9\tex/latex/oberdiek\
pdflscape.sty"
Package: pdflscape 2016/05/14 v0.11 Display of landscape pages in PDF (HO)

("C:\Users\Jason D. Bakos\AppData\Local\Programs\MiKTeX 2.9\tex/latex/graphics\
lscape.sty"
Package: lscape 2000/10/22 v3.01 Landscape Pages (DPC)
)
Package pdflscape Info: Auto-detected driver: pdftex on input line 81.
)
LaTeX Font Info:    Try loading font information for U+rsfs on input line 33.

("C:\Users\Jason D. Bakos\AppData\Local\Programs\MiKTeX 2.9\tex/latex/jknappen\
ursfs.fd"
File: ursfs.fd 1998/03/24 rsfs font definition file (jk)
)
LaTeX Font Info:    Try loading font information for U+msa on input line 33.

("C:\Users\Jason D. Bakos\AppData\Local\Programs\MiKTeX 2.9\tex/latex/amsfonts\
umsa.fd"
File: umsa.fd 2013/01/14 v3.01 AMS symbols A
)
LaTeX Font Info:    Try loading font information for U+msb on input line 33.

("C:\Users\Jason D. Bakos\AppData\Local\Programs\MiKTeX 2.9\tex/latex/amsfonts\
umsb.fd"
File: umsb.fd 2013/01/14 v3.01 AMS symbols B
) (README.toc)
\tf@toc=\write6
\openout6 = `README.toc'.

LaTeX Font Info:    Try loading font information for OT1+pcr on input line 48.

("C:\Users\Jason D. Bakos\AppData\Local\Programs\MiKTeX 2.9\tex/latex/psnfss\ot
1pcr.fd"
File: ot1pcr.fd 2001/06/04 font definitions for OT1/pcr.
)
<i2c_base.pdf, id=90, 536.25343pt x 183.24715pt>
File: i2c_base.pdf Graphic file (type pdf)
<use i2c_base.pdf>
Package pdftex.def Info: i2c_base.pdf  used on input line 62.
(pdftex.def)             Requested size: 536.2521pt x 183.24669pt.
 [1{C:/Users/Jason D. Bakos/AppData/Local/MiKTeX/2.9/pdftex/config/pdftex.map}

]
<i2c_uni.pdf, id=103, 536.25343pt x 279.79532pt>
File: i2c_uni.pdf Graphic file (type pdf)
<use i2c_uni.pdf>
Package pdftex.def Info: i2c_uni.pdf  used on input line 83.
(pdftex.def)             Requested size: 536.2521pt x 279.79463pt.
 [2 <./i2c_base.pdf> <./i2c_uni.pdf

pdfTeX warning: pdflatex.exe (file ./i2c_uni.pdf): PDF inclusion: multiple pdfs
 with page group included in a single page
>] [3]
LaTeX Font Info:    Font shape `OT1/pcr/bx/n' in size <10> not available
(Font)              Font shape `OT1/pcr/b/n' tried instead on input line 240.
 [4] [5]
Package atveryend Info: Empty hook `BeforeClearDocument' on input line 314.
Package atveryend Info: Executing hook `AfterLastShipout' on input line 314.
 (README.aux)
Package atveryend Info: Executing hook `AtVeryEndDocument' on input line 314.
Package atveryend Info: Executing hook `AtEndAfterFileList' on input line 314.
Package rerunfilecheck Info: File `README.out' has not changed.
(rerunfilecheck)             Checksum: 057B6754BC212531360B83DA8E1B6CE4;704.
Package atveryend Info: Empty hook `AtVeryVeryEnd' on input line 314.
 ) 
Here is how much of TeX's memory you used:
 61699 strings out of 492895
 1471837 string characters out of 3119531
 1990877 words of memory out of 3000000
 64727 multiletter control sequences out of 15000+200000
 537714 words of font info for 46 fonts, out of 3000000 for 9000
 1141 hyphenation exceptions out of 8191
 69i,12n,105p,912b,609s stack positions out of 5000i,500n,10000p,200000b,50000s
{C:/Users/Jason D. Bakos/AppData/Local/Programs/MiKTeX 2.9/fonts/enc/dvips/ba
se/8r.enc} <C:\Users\Jason D. Bakos\AppData\Local\MiKTeX\2.9\fonts/pk/ljfour/jk
nappen/ec/dpi600\tcrm1000.pk><C:/Users/Jason D. Bakos/AppData/Local/Programs/Mi
KTeX 2.9/fonts/type1/public/amsfonts/cm/cmbx10.pfb><C:/Users/Jason D. Bakos/App
Data/Local/Programs/MiKTeX 2.9/fonts/type1/public/amsfonts/cm/cmbx12.pfb><C:/Us
ers/Jason D. Bakos/AppData/Local/Programs/MiKTeX 2.9/fonts/type1/public/amsfont
s/cm/cmmi10.pfb><C:/Users/Jason D. Bakos/AppData/Local/Programs/MiKTeX 2.9/font
s/type1/public/amsfonts/cm/cmr10.pfb><C:/Users/Jason D. Bakos/AppData/Local/Pro
grams/MiKTeX 2.9/fonts/type1/public/amsfonts/cm/cmr7.pfb><C:/Users/Jason D. Bak
os/AppData/Local/Programs/MiKTeX 2.9/fonts/type1/public/amsfonts/cm/cmr9.pfb><C
:/Users/Jason D. Bakos/AppData/Local/Programs/MiKTeX 2.9/fonts/type1/public/ams
fonts/cm/cmsy10.pfb><C:/Users/Jason D. Bakos/AppData/Local/Programs/MiKTeX 2.9/
fonts/type1/urw/courier/ucrb8a.pfb><C:/Users/Jason D. Bakos/AppData/Local/Progr
ams/MiKTeX 2.9/fonts/type1/urw/courier/ucrr8a.pfb>
Output written on README.pdf (5 pages, 172804 bytes).
PDF statistics:
 187 PDF objects out of 1000 (max. 8388607)
 26 named destinations out of 1000 (max. 500000)
 215 words of extra memory for PDF output out of 10000 (max. 10000000)

